#
# There is insufficient memory for the Java Runtime Environment to continue.
# Native memory allocation (mmap) failed to map 174063616 bytes for committing reserved memory.
# Possible reasons:
#   The system is out of physical RAM or swap space
#   In 32 bit mode, the process size limit was hit
# Possible solutions:
#   Reduce memory load on the system
#   Increase physical memory or swap space
#   Check if swap backing store is full
#   Use 64 bit Java on a 64 bit OS
#   Decrease Java heap size (-Xmx/-Xms)
#   Decrease number of Java threads
#   Decrease Java thread stack sizes (-Xss)
#   Set larger code cache with -XX:ReservedCodeCacheSize=
# This output file may be truncated or incomplete.
#
#  Out of Memory Error (os_linux.cpp:2627), pid=23306, tid=0x00007f28937f7700
#
# JRE version: OpenJDK Runtime Environment (8.0_76-b03) (build 1.8.0_76-release-b03)
# Java VM: OpenJDK 64-Bit Server VM (25.76-b03 mixed mode linux-amd64 compressed oops)
# Failed to write core dump. Core dumps have been disabled. To enable core dumping, try "ulimit -c unlimited" before starting Java again
#

---------------  T H R E A D  ---------------

Current thread (0x00007f28b0077800):  VMThread [stack: 0x00007f28936f7000,0x00007f28937f8000] [id=23323]

Stack: [0x00007f28936f7000,0x00007f28937f8000],  sp=0x00007f28937f64c0,  free space=1021k
Native frames: (J=compiled Java code, j=interpreted, Vv=VM code, C=native code)
V  [libjvm.so+0x9d9fcd]  VMError::report_and_die()+0x15d
V  [libjvm.so+0x4b4d4a]  report_vm_out_of_memory(char const*, int, unsigned long, VMErrorType, char const*)+0x8a
V  [libjvm.so+0x845190]  os::pd_commit_memory(char*, unsigned long, unsigned long, bool)+0xf0
V  [libjvm.so+0x83fcbf]  os::commit_memory(char*, unsigned long, unsigned long, bool)+0x1f
V  [libjvm.so+0x8b4d9b]  PSVirtualSpace::expand_by(unsigned long)+0x5b
V  [libjvm.so+0x8b5a10]  PSYoungGen::resize_generation(unsigned long, unsigned long)+0xb0
V  [libjvm.so+0x8b5d2b]  PSYoungGen::resize(unsigned long, unsigned long)+0x1b
V  [libjvm.so+0x8b241c]  PSScavenge::invoke_no_policy()+0xdac
V  [libjvm.so+0x8b2bf8]  PSScavenge::invoke()+0x38
V  [libjvm.so+0x8681f3]  ParallelScavengeHeap::failed_mem_allocate(unsigned long)+0x63
V  [libjvm.so+0x9dba94]  VM_ParallelGCFailedAllocation::doit()+0x84
V  [libjvm.so+0x9dfe47]  VM_Operation::evaluate()+0x47
V  [libjvm.so+0x9de908]  VMThread::evaluate_operation(VM_Operation*)+0x2c8
V  [libjvm.so+0x9ded89]  VMThread::loop()+0x219
V  [libjvm.so+0x9df1d2]  VMThread::run()+0x72
V  [libjvm.so+0x8425b2]  java_start(Thread*)+0xf2

VM_Operation (0x00007f2892a60a50): ParallelGCFailedAllocation, mode: safepoint, requested by thread 0x00007f28b0147000


---------------  P R O C E S S  ---------------

Java Threads: ( => current thread )
  0x00007f28b0148800 JavaThread "pool-2-thread-4" [_thread_blocked, id=23374, stack(0x00007f2892861000,0x00007f2892962000)]
  0x00007f28b0147000 JavaThread "pool-2-thread-3" [_thread_blocked, id=23373, stack(0x00007f2892962000,0x00007f2892a63000)]
  0x00007f28b0145800 JavaThread "pool-2-thread-2" [_thread_blocked, id=23371, stack(0x00007f2892a63000,0x00007f2892b64000)]
  0x00007f28b0144800 JavaThread "pool-3-thread-1" [_thread_blocked, id=23370, stack(0x00007f2892b64000,0x00007f2892c65000)]
  0x00007f28b0142000 JavaThread "pool-2-thread-1" [_thread_blocked, id=23369, stack(0x00007f2892c65000,0x00007f2892d66000)]
  0x00007f28b00bf800 JavaThread "Service Thread" daemon [_thread_blocked, id=23357, stack(0x00007f2892e67000,0x00007f2892f68000)]
  0x00007f28b00bd000 JavaThread "C1 CompilerThread2" daemon [_thread_blocked, id=23356, stack(0x00007f2892f68000,0x00007f2893069000)]
  0x00007f28b00bb000 JavaThread "C2 CompilerThread1" daemon [_thread_blocked, id=23349, stack(0x00007f2893069000,0x00007f289316a000)]
  0x00007f28b00b8000 JavaThread "C2 CompilerThread0" daemon [_thread_blocked, id=23348, stack(0x00007f289316a000,0x00007f289326b000)]
  0x00007f28b00b6800 JavaThread "Signal Dispatcher" daemon [_thread_blocked, id=23347, stack(0x00007f289326b000,0x00007f289336c000)]
  0x00007f28b0084000 JavaThread "Finalizer" daemon [_thread_blocked, id=23334, stack(0x00007f28934f5000,0x00007f28935f6000)]
  0x00007f28b007f000 JavaThread "Reference Handler" daemon [_thread_blocked, id=23331, stack(0x00007f28935f6000,0x00007f28936f7000)]
  0x00007f28b000a000 JavaThread "main" [_thread_blocked, id=23311, stack(0x00007f28b8cd9000,0x00007f28b8dda000)]

Other Threads:
=>0x00007f28b0077800 VMThread [stack: 0x00007f28936f7000,0x00007f28937f8000] [id=23323]
  0x00007f28b00c2000 WatcherThread [stack: 0x00007f2892d66000,0x00007f2892e67000] [id=23358]

VM state:at safepoint (normal execution)

VM Mutex/Monitor currently owned by a thread:  ([mutex/lock_event])
[0x00007f28b0006700] Threads_lock - owner thread: 0x00007f28b0077800
[0x00007f28b0006c00] Heap_lock - owner thread: 0x00007f28b0147000

Heap:
 PSYoungGen      total 136192K, used 5092K [0x000000076ab00000, 0x0000000773500000, 0x00000007c0000000)
  eden space 131072K, 0% used [0x000000076ab00000,0x000000076ab00000,0x0000000772b00000)
  from space 5120K, 99% used [0x0000000772b00000,0x0000000772ff9398,0x0000000773000000)
  to   space 5120K, 0% used [0x0000000773000000,0x0000000773000000,0x0000000773500000)
 ParOldGen       total 151552K, used 109790K [0x00000006c0000000, 0x00000006c9400000, 0x000000076ab00000)
  object space 151552K, 72% used [0x00000006c0000000,0x00000006c6b379d0,0x00000006c9400000)
 Metaspace       used 5646K, capacity 6960K, committed 7040K, reserved 1056768K
  class space    used 549K, capacity 616K, committed 640K, reserved 1048576K

Card table byte_map: [0x00007f28b53af000,0x00007f28b5bb0000] byte_map_base: 0x00007f28b1daf000

Marking Bits: (ParMarkBitMap*) 0x00007f28b81d01a0
 Begin Bits: [0x00007f2884000000, 0x00007f2888000000)
 End Bits:   [0x00007f2888000000, 0x00007f288c000000)

Polling page: 0x00007f28b8dfd000

CodeCache: size=245760Kb used=6273Kb max_used=6273Kb free=239486Kb
 bounds [0x00007f28a1000000, 0x00007f28a1630000, 0x00007f28b0000000]
 total_blobs=1678 nmethods=1418 adapters=175
 compilation: enabled

Compilation events (10 events):
Event: 4.241 Thread 0x00007f28b00bd000 nmethod 1622 0x00007f28a1608fd0 code [0x00007f28a16091a0, 0x00007f28a1609b48]
Event: 4.241 Thread 0x00007f28b00bd000 1633 %     3       com.android.dx.cf.code.BasicBlocker::getBlockList @ 182 (208 bytes)
Event: 4.242 Thread 0x00007f28b00bd000 nmethod 1633% 0x00007f28a1606f10 code [0x00007f28a16071a0, 0x00007f28a1608488]
Event: 4.242 Thread 0x00007f28b00bd000 1615       3       com.android.dx.cf.code.Ropper::getRopMethod (64 bytes)
Event: 4.247 Thread 0x00007f28b00bd000 nmethod 1615 0x00007f28a1620650 code [0x00007f28a16208a0, 0x00007f28a1621638]
Event: 4.247 Thread 0x00007f28b00bd000 1619       3       com.android.dx.ssa.DomFront::buildDomTree (72 bytes)
Event: 4.248 Thread 0x00007f28b00bd000 nmethod 1619 0x00007f28a1621f10 code [0x00007f28a1622180, 0x00007f28a1623008]
Event: 4.248 Thread 0x00007f28b00bd000 1624       3       com.android.dx.ssa.DomFront::<init> (60 bytes)
Event: 4.248 Thread 0x00007f28b00bd000 nmethod 1624 0x00007f28a1623ad0 code [0x00007f28a1623c80, 0x00007f28a16242f0]
Event: 4.248 Thread 0x00007f28b00bd000 1627       3       com.android.dx.ssa.DomFront::run (264 bytes)

GC Heap History (10 events):
Event: 0.850 GC heap after
Heap after GC invocations=1 (full 0):
 PSYoungGen      total 37888K, used 5103K [0x000000076ab00000, 0x000000076f500000, 0x00000007c0000000)
  eden space 32768K, 0% used [0x000000076ab00000,0x000000076ab00000,0x000000076cb00000)
  from space 5120K, 99% used [0x000000076cb00000,0x000000076cffbf90,0x000000076d000000)
  to   space 5120K, 0% used [0x000000076f000000,0x000000076f000000,0x000000076f500000)
 ParOldGen       total 86016K, used 1547K [0x00000006c0000000, 0x00000006c5400000, 0x000000076ab00000)
  object space 86016K, 1% used [0x00000006c0000000,0x00000006c0182d78,0x00000006c5400000)
 Metaspace       used 5376K, capacity 6768K, committed 7040K, reserved 1056768K
  class space    used 546K, capacity 616K, committed 640K, reserved 1048576K
}
Event: 1.324 GC heap before
{Heap before GC invocations=2 (full 0):
 PSYoungGen      total 37888K, used 37871K [0x000000076ab00000, 0x000000076f500000, 0x00000007c0000000)
  eden space 32768K, 100% used [0x000000076ab00000,0x000000076cb00000,0x000000076cb00000)
  from space 5120K, 99% used [0x000000076cb00000,0x000000076cffbf90,0x000000076d000000)
  to   space 5120K, 0% used [0x000000076f000000,0x000000076f000000,0x000000076f500000)
 ParOldGen       total 86016K, used 1547K [0x00000006c0000000, 0x00000006c5400000, 0x000000076ab00000)
  object space 86016K, 1% used [0x00000006c0000000,0x00000006c0182d78,0x00000006c5400000)
 Metaspace       used 5478K, capacity 6832K, committed 7040K, reserved 1056768K
  class space    used 548K, capacity 616K, committed 640K, reserved 1048576K
Event: 1.392 GC heap after
Heap after GC invocations=2 (full 0):
 PSYoungGen      total 70656K, used 5099K [0x000000076ab00000, 0x000000076f500000, 0x00000007c0000000)
  eden space 65536K, 0% used [0x000000076ab00000,0x000000076ab00000,0x000000076eb00000)
  from space 5120K, 99% used [0x000000076f000000,0x000000076f4fae68,0x000000076f500000)
  to   space 5120K, 0% used [0x000000076eb00000,0x000000076eb00000,0x000000076f000000)
 ParOldGen       total 86016K, used 7465K [0x00000006c0000000, 0x00000006c5400000, 0x000000076ab00000)
  object space 86016K, 8% used [0x00000006c0000000,0x00000006c074a458,0x00000006c5400000)
 Metaspace       used 5478K, capacity 6832K, committed 7040K, reserved 1056768K
  class space    used 548K, capacity 616K, committed 640K, reserved 1048576K
}
Event: 2.249 GC heap before
{Heap before GC invocations=3 (full 0):
 PSYoungGen      total 70656K, used 70635K [0x000000076ab00000, 0x000000076f500000, 0x00000007c0000000)
  eden space 65536K, 100% used [0x000000076ab00000,0x000000076eb00000,0x000000076eb00000)
  from space 5120K, 99% used [0x000000076f000000,0x000000076f4fae68,0x000000076f500000)
  to   space 5120K, 0% used [0x000000076eb00000,0x000000076eb00000,0x000000076f000000)
 ParOldGen       total 86016K, used 7465K [0x00000006c0000000, 0x00000006c5400000, 0x000000076ab00000)
  object space 86016K, 8% used [0x00000006c0000000,0x00000006c074a458,0x00000006c5400000)
 Metaspace       used 5549K, capacity 6896K, committed 7040K, reserved 1056768K
  class space    used 549K, capacity 616K, committed 640K, reserved 1048576K
Event: 2.347 GC heap after
Heap after GC invocations=3 (full 0):
 PSYoungGen      total 70656K, used 5104K [0x000000076ab00000, 0x0000000773500000, 0x00000007c0000000)
  eden space 65536K, 0% used [0x000000076ab00000,0x000000076ab00000,0x000000076eb00000)
  from space 5120K, 99% used [0x000000076eb00000,0x000000076effc1c0,0x000000076f000000)
  to   space 5120K, 0% used [0x0000000773000000,0x0000000773000000,0x0000000773500000)
 ParOldGen       total 86016K, used 38728K [0x00000006c0000000, 0x00000006c5400000, 0x000000076ab00000)
  object space 86016K, 45% used [0x00000006c0000000,0x00000006c25d2088,0x00000006c5400000)
 Metaspace       used 5549K, capacity 6896K, committed 7040K, reserved 1056768K
  class space    used 549K, capacity 616K, committed 640K, reserved 1048576K
}
Event: 2.994 GC heap before
{Heap before GC invocations=4 (full 0):
 PSYoungGen      total 70656K, used 70640K [0x000000076ab00000, 0x0000000773500000, 0x00000007c0000000)
  eden space 65536K, 100% used [0x000000076ab00000,0x000000076eb00000,0x000000076eb00000)
  from space 5120K, 99% used [0x000000076eb00000,0x000000076effc1c0,0x000000076f000000)
  to   space 5120K, 0% used [0x0000000773000000,0x0000000773000000,0x0000000773500000)
 ParOldGen       total 86016K, used 38728K [0x00000006c0000000, 0x00000006c5400000, 0x000000076ab00000)
  object space 86016K, 45% used [0x00000006c0000000,0x00000006c25d2088,0x00000006c5400000)
 Metaspace       used 5592K, capacity 6960K, committed 7040K, reserved 1056768K
  class space    used 549K, capacity 616K, committed 640K, reserved 1048576K
Event: 3.113 GC heap after
Heap after GC invocations=4 (full 0):
 PSYoungGen      total 136192K, used 5088K [0x000000076ab00000, 0x0000000773500000, 0x00000007c0000000)
  eden space 131072K, 0% used [0x000000076ab00000,0x000000076ab00000,0x0000000772b00000)
  from space 5120K, 99% used [0x0000000773000000,0x00000007734f81b0,0x0000000773500000)
  to   space 5120K, 0% used [0x0000000772b00000,0x0000000772b00000,0x0000000773000000)
 ParOldGen       total 86016K, used 63352K [0x00000006c0000000, 0x00000006c5400000, 0x000000076ab00000)
  object space 86016K, 73% used [0x00000006c0000000,0x00000006c3dde2c0,0x00000006c5400000)
 Metaspace       used 5592K, capacity 6960K, committed 7040K, reserved 1056768K
  class space    used 549K, capacity 616K, committed 640K, reserved 1048576K
}
Event: 3.113 GC heap before
{Heap before GC invocations=5 (full 1):
 PSYoungGen      total 136192K, used 5088K [0x000000076ab00000, 0x0000000773500000, 0x00000007c0000000)
  eden space 131072K, 0% used [0x000000076ab00000,0x000000076ab00000,0x0000000772b00000)
  from space 5120K, 99% used [0x0000000773000000,0x00000007734f81b0,0x0000000773500000)
  to   space 5120K, 0% used [0x0000000772b00000,0x0000000772b00000,0x0000000773000000)
 ParOldGen       total 86016K, used 63352K [0x00000006c0000000, 0x00000006c5400000, 0x000000076ab00000)
  object space 86016K, 73% used [0x00000006c0000000,0x00000006c3dde2c0,0x00000006c5400000)
 Metaspace       used 5592K, capacity 6960K, committed 7040K, reserved 1056768K
  class space    used 549K, capacity 616K, committed 640K, reserved 1048576K
Event: 3.496 GC heap after
Heap after GC invocations=5 (full 1):
 PSYoungGen      total 136192K, used 0K [0x000000076ab00000, 0x0000000773500000, 0x00000007c0000000)
  eden space 131072K, 0% used [0x000000076ab00000,0x000000076ab00000,0x0000000772b00000)
  from space 5120K, 0% used [0x0000000773000000,0x0000000773000000,0x0000000773500000)
  to   space 5120K, 0% used [0x0000000772b00000,0x0000000772b00000,0x0000000773000000)
 ParOldGen       total 151552K, used 63175K [0x00000006c0000000, 0x00000006c9400000, 0x000000076ab00000)
  object space 151552K, 41% used [0x00000006c0000000,0x00000006c3db1cb0,0x00000006c9400000)
 Metaspace       used 5592K, capacity 6960K, committed 7040K, reserved 1056768K
  class space    used 549K, capacity 616K, committed 640K, reserved 1048576K
}
Event: 4.263 GC heap before
{Heap before GC invocations=6 (full 1):
 PSYoungGen      total 136192K, used 131072K [0x000000076ab00000, 0x0000000773500000, 0x00000007c0000000)
  eden space 131072K, 100% used [0x000000076ab00000,0x0000000772b00000,0x0000000772b00000)
  from space 5120K, 0% used [0x0000000773000000,0x0000000773000000,0x0000000773500000)
  to   space 5120K, 0% used [0x0000000772b00000,0x0000000772b00000,0x0000000773000000)
 ParOldGen       total 151552K, used 63175K [0x00000006c0000000, 0x00000006c9400000, 0x000000076ab00000)
  object space 151552K, 41% used [0x00000006c0000000,0x00000006c3db1cb0,0x00000006c9400000)
 Metaspace       used 5646K, capacity 6960K, committed 7040K, reserved 1056768K
  class space    used 549K, capacity 616K, committed 640K, reserved 1048576K

Deoptimization events (10 events):
Event: 1.135 Thread 0x00007f28b0148800 Uncommon trap: reason=bimorphic action=maybe_recompile pc=0x00007f28a11cd524 method=java.util.HashMap.getNode(ILjava/lang/Object;)Ljava/util/HashMap$Node; @ 126
Event: 1.135 Thread 0x00007f28b0148800 Uncommon trap: reason=bimorphic action=maybe_recompile pc=0x00007f28a11cd524 method=java.util.HashMap.getNode(ILjava/lang/Object;)Ljava/util/HashMap$Node; @ 126
Event: 1.135 Thread 0x00007f28b0148800 Uncommon trap: reason=bimorphic action=maybe_recompile pc=0x00007f28a128336c method=java.util.HashMap.getNode(ILjava/lang/Object;)Ljava/util/HashMap$Node; @ 126
Event: 3.904 Thread 0x00007f28b0147000 Uncommon trap: reason=bimorphic action=maybe_recompile pc=0x00007f28a14c2eb8 method=com.android.dx.cf.code.BytecodeArray.parseInstruction(ILcom/android/dx/cf/code/BytecodeArray$Visitor;)I @ 1161
Event: 3.905 Thread 0x00007f28b0147000 Uncommon trap: reason=bimorphic action=maybe_recompile pc=0x00007f28a14c2eb8 method=com.android.dx.cf.code.BytecodeArray.parseInstruction(ILcom/android/dx/cf/code/BytecodeArray$Visitor;)I @ 1161
Event: 3.928 Thread 0x00007f28b0147000 Uncommon trap: reason=unstable_if action=reinterpret pc=0x00007f28a1504730 method=com.android.dx.rop.code.InsnList.contentEquals(Lcom/android/dx/rop/code/InsnList;)Z @ 25
Event: 3.928 Thread 0x00007f28b0147000 Uncommon trap: reason=unstable_if action=reinterpret pc=0x00007f28a128e188 method=com.android.dx.rop.code.RegisterSpec.equals(ILcom/android/dx/rop/type/TypeBearer;Lcom/android/dx/rop/code/LocalItem;)Z @ 31
Event: 4.015 Thread 0x00007f28b000a000 Uncommon trap: reason=unstable_if action=reinterpret pc=0x00007f28a14c3020 method=com.android.dx.cf.code.BytecodeArray.parseInstruction(ILcom/android/dx/cf/code/BytecodeArray$Visitor;)I @ 1261
Event: 4.019 Thread 0x00007f28b000a000 Uncommon trap: reason=unstable_if action=reinterpret pc=0x00007f28a14b5694 method=com.android.dx.cf.code.Ropper.isSynchronized()Z @ 12
Event: 4.190 Thread 0x00007f28b0147000 Uncommon trap: reason=unstable_if action=reinterpret pc=0x00007f28a1386d80 method=com.android.dx.ssa.SsaRenamer$BlockRenamer.visitMoveInsn(Lcom/android/dx/ssa/NormalSsaInsn;)V @ 104

Internal exceptions (5 events):
Event: 0.014 Thread 0x00007f28b000a000 Exception <a 'java/lang/NoSuchMethodError': Method sun.misc.Unsafe.defineClass(Ljava/lang/String;[BII)Ljava/lang/Class; name or signature does not match> (0x000000076ab07cc0) thrown at [/ssd/Android/AOSP-openjdk/external/jetbrains/jdk/hotspot/src/share/vm
Event: 0.014 Thread 0x00007f28b000a000 Exception <a 'java/lang/NoSuchMethodError': Method sun.misc.Unsafe.prefetchRead(Ljava/lang/Object;J)V name or signature does not match> (0x000000076ab07fa8) thrown at [/ssd/Android/AOSP-openjdk/external/jetbrains/jdk/hotspot/src/share/vm/prims/jni.cpp, li
Event: 0.864 Thread 0x00007f28b0142000 Implicit null exception at 0x00007f28a1256385 to 0x00007f28a1258429
Event: 0.864 Thread 0x00007f28b0142000 Implicit null exception at 0x00007f28a12462c3 to 0x00007f28a124861d
Event: 3.928 Thread 0x00007f28b0147000 Implicit null exception at 0x00007f28a128de8d to 0x00007f28a128e179

Events (10 events):
Event: 4.190 Thread 0x00007f28b0147000 DEOPT UNPACKING pc=0x00007f28a1004f69 sp=0x00007f2892a60f58 mode 2
Event: 4.190 Thread 0x00007f28b0145800 DEOPT PACKING pc=0x00007f28a13d0243 sp=0x00007f2892b62190
Event: 4.190 Thread 0x00007f28b0145800 DEOPT UNPACKING pc=0x00007f28a1047373 sp=0x00007f2892b61ee0 mode 0
Event: 4.197 Thread 0x00007f28b0148800 DEOPT PACKING pc=0x00007f28a13c3cb7 sp=0x00007f289295ffa0
Event: 4.197 Thread 0x00007f28b0148800 DEOPT UNPACKING pc=0x00007f28a1047373 sp=0x00007f289295fd58 mode 0
Event: 4.198 Thread 0x00007f28b000a000 DEOPT PACKING pc=0x00007f28a1403172 sp=0x00007f28b8dd7290
Event: 4.198 Thread 0x00007f28b000a000 DEOPT UNPACKING pc=0x00007f28a1047373 sp=0x00007f28b8dd70c8 mode 0
Event: 4.198 Thread 0x00007f28b0148800 DEOPT PACKING pc=0x00007f28a1342196 sp=0x00007f289295ff30
Event: 4.198 Thread 0x00007f28b0148800 DEOPT UNPACKING pc=0x00007f28a1047373 sp=0x00007f289295fd58 mode 0
Event: 4.249 Executing VM operation: ParallelGCFailedAllocation


Dynamic libraries:
00400000-00401000 r-xp 00000000 08:03 3967023                            /home/antonio/Projects/android-studio/jre/bin/java
00600000-00601000 r--p 00000000 08:03 3967023                            /home/antonio/Projects/android-studio/jre/bin/java
00601000-00602000 rw-p 00001000 08:03 3967023                            /home/antonio/Projects/android-studio/jre/bin/java
0126a000-0128b000 rw-p 00000000 00:00 0                                  [heap]
6c0000000-6c9400000 rw-p 00000000 00:00 0 
6c9400000-76ab00000 ---p 00000000 00:00 0 
76ab00000-773500000 rw-p 00000000 00:00 0 
77db00000-7c0000000 ---p 00000000 00:00 0 
7c0000000-7c00a0000 rw-p 00000000 00:00 0 
7c00a0000-800000000 ---p 00000000 00:00 0 
7f2848000000-7f2848039000 rw-p 00000000 00:00 0 
7f2848039000-7f284c000000 ---p 00000000 00:00 0 
7f2850000000-7f285002b000 rw-p 00000000 00:00 0 
7f285002b000-7f2854000000 ---p 00000000 00:00 0 
7f2854000000-7f2854021000 rw-p 00000000 00:00 0 
7f2854021000-7f2858000000 ---p 00000000 00:00 0 
7f2858000000-7f2858021000 rw-p 00000000 00:00 0 
7f2858021000-7f285c000000 ---p 00000000 00:00 0 
7f285c000000-7f285c021000 rw-p 00000000 00:00 0 
7f285c021000-7f2860000000 ---p 00000000 00:00 0 
7f2860000000-7f2860021000 rw-p 00000000 00:00 0 
7f2860021000-7f2864000000 ---p 00000000 00:00 0 
7f2864000000-7f2864021000 rw-p 00000000 00:00 0 
7f2864021000-7f2868000000 ---p 00000000 00:00 0 
7f2868000000-7f2868c15000 rw-p 00000000 00:00 0 
7f2868c15000-7f286c000000 ---p 00000000 00:00 0 
7f286c000000-7f286cd28000 rw-p 00000000 00:00 0 
7f286cd28000-7f2870000000 ---p 00000000 00:00 0 
7f2870000000-7f2870c6e000 rw-p 00000000 00:00 0 
7f2870c6e000-7f2874000000 ---p 00000000 00:00 0 
7f2874000000-7f2874021000 rw-p 00000000 00:00 0 
7f2874021000-7f2878000000 ---p 00000000 00:00 0 
7f2878000000-7f2878021000 rw-p 00000000 00:00 0 
7f2878021000-7f287c000000 ---p 00000000 00:00 0 
7f287c000000-7f287c021000 rw-p 00000000 00:00 0 
7f287c021000-7f2880000000 ---p 00000000 00:00 0 
7f2880000000-7f288027d000 rw-p 00000000 00:00 0 
7f288027d000-7f2884000000 ---p 00000000 00:00 0 
7f2884000000-7f288c000000 rw-p 00000000 00:00 0 
7f288c000000-7f288c021000 rw-p 00000000 00:00 0 
7f288c021000-7f2890000000 ---p 00000000 00:00 0 
7f2892861000-7f2892864000 ---p 00000000 00:00 0 
7f2892864000-7f2892962000 rw-p 00000000 00:00 0                          [stack:23374]
7f2892962000-7f2892965000 ---p 00000000 00:00 0 
7f2892965000-7f2892a63000 rw-p 00000000 00:00 0                          [stack:23373]
7f2892a63000-7f2892a66000 ---p 00000000 00:00 0 
7f2892a66000-7f2892b64000 rw-p 00000000 00:00 0                          [stack:23371]
7f2892b64000-7f2892b67000 ---p 00000000 00:00 0 
7f2892b67000-7f2892c65000 rw-p 00000000 00:00 0                          [stack:23370]
7f2892c65000-7f2892c68000 ---p 00000000 00:00 0 
7f2892c68000-7f2892d66000 rw-p 00000000 00:00 0                          [stack:23369]
7f2892d66000-7f2892d67000 ---p 00000000 00:00 0 
7f2892d67000-7f2892e67000 rw-p 00000000 00:00 0                          [stack:23358]
7f2892e67000-7f2892e6a000 ---p 00000000 00:00 0 
7f2892e6a000-7f2892f68000 rw-p 00000000 00:00 0                          [stack:23357]
7f2892f68000-7f2892f6b000 ---p 00000000 00:00 0 
7f2892f6b000-7f2893069000 rw-p 00000000 00:00 0                          [stack:23356]
7f2893069000-7f289306c000 ---p 00000000 00:00 0 
7f289306c000-7f289316a000 rw-p 00000000 00:00 0                          [stack:23349]
7f289316a000-7f289316d000 ---p 00000000 00:00 0 
7f289316d000-7f289326b000 rw-p 00000000 00:00 0                          [stack:23348]
7f289326b000-7f289326e000 ---p 00000000 00:00 0 
7f289326e000-7f289336c000 rw-p 00000000 00:00 0                          [stack:23347]
7f289336c000-7f28934f5000 r--p 00000000 08:03 3935837                    /usr/lib/locale/locale-archive
7f28934f5000-7f28934f8000 ---p 00000000 00:00 0 
7f28934f8000-7f28935f6000 rw-p 00000000 00:00 0                          [stack:23334]
7f28935f6000-7f28935f9000 ---p 00000000 00:00 0 
7f28935f9000-7f28936f7000 rw-p 00000000 00:00 0                          [stack:23331]
7f28936f7000-7f28936f8000 ---p 00000000 00:00 0 
7f28936f8000-7f2894000000 rw-p 00000000 00:00 0                          [stack:23323]
7f2894000000-7f2894021000 rw-p 00000000 00:00 0 
7f2894021000-7f2898000000 ---p 00000000 00:00 0 
7f2898000000-7f2898021000 rw-p 00000000 00:00 0 
7f2898021000-7f289c000000 ---p 00000000 00:00 0 
7f289c000000-7f289c021000 rw-p 00000000 00:00 0 
7f289c021000-7f28a0000000 ---p 00000000 00:00 0 
7f28a0007000-7f28a0e40000 rw-p 00000000 00:00 0 
7f28a0e40000-7f28a1000000 ---p 00000000 00:00 0 
7f28a1000000-7f28a1630000 rwxp 00000000 00:00 0 
7f28a1630000-7f28b0000000 ---p 00000000 00:00 0 
7f28b0000000-7f28b0385000 rw-p 00000000 00:00 0 
7f28b0385000-7f28b4000000 ---p 00000000 00:00 0 
7f28b4012000-7f28b41df000 r--s 03bec000 08:03 3967080                    /home/antonio/Projects/android-studio/jre/jre/lib/rt.jar
7f28b41df000-7f28b4a55000 rw-p 00000000 00:00 0 
7f28b4a55000-7f28b4a56000 ---p 00000000 00:00 0 
7f28b4a56000-7f28b4b56000 rw-p 00000000 00:00 0                          [stack:23316]
7f28b4b56000-7f28b4b57000 ---p 00000000 00:00 0 
7f28b4b57000-7f28b4c57000 rw-p 00000000 00:00 0                          [stack:23315]
7f28b4c57000-7f28b4c58000 ---p 00000000 00:00 0 
7f28b4c58000-7f28b4d58000 rw-p 00000000 00:00 0                          [stack:23314]
7f28b4d58000-7f28b4d59000 ---p 00000000 00:00 0 
7f28b4d59000-7f28b4ea3000 rw-p 00000000 00:00 0                          [stack:23313]
7f28b4ea3000-7f28b53af000 ---p 00000000 00:00 0 
7f28b53af000-7f28b53f9000 rw-p 00000000 00:00 0 
7f28b53f9000-7f28b5904000 ---p 00000000 00:00 0 
7f28b5904000-7f28b594a000 rw-p 00000000 00:00 0 
7f28b594a000-7f28b5baf000 ---p 00000000 00:00 0 
7f28b5baf000-7f28b5bc9000 rw-p 00000000 00:00 0 
7f28b5bc9000-7f28b5f70000 ---p 00000000 00:00 0 
7f28b5f70000-7f28b5f8a000 r-xp 00000000 08:03 3967107                    /home/antonio/Projects/android-studio/jre/jre/lib/amd64/libzip.so
7f28b5f8a000-7f28b618a000 ---p 0001a000 08:03 3967107                    /home/antonio/Projects/android-studio/jre/jre/lib/amd64/libzip.so
7f28b618a000-7f28b618b000 r--p 0001a000 08:03 3967107                    /home/antonio/Projects/android-studio/jre/jre/lib/amd64/libzip.so
7f28b618b000-7f28b618c000 rw-p 0001b000 08:03 3967107                    /home/antonio/Projects/android-studio/jre/jre/lib/amd64/libzip.so
7f28b618c000-7f28b6197000 r-xp 00000000 08:03 140487                     /lib/x86_64-linux-gnu/libnss_files-2.19.so
7f28b6197000-7f28b6396000 ---p 0000b000 08:03 140487                     /lib/x86_64-linux-gnu/libnss_files-2.19.so
7f28b6396000-7f28b6397000 r--p 0000a000 08:03 140487                     /lib/x86_64-linux-gnu/libnss_files-2.19.so
7f28b6397000-7f28b6398000 rw-p 0000b000 08:03 140487                     /lib/x86_64-linux-gnu/libnss_files-2.19.so
7f28b6398000-7f28b63a2000 r-xp 00000000 08:03 140489                     /lib/x86_64-linux-gnu/libnss_nis-2.19.so
7f28b63a2000-7f28b65a1000 ---p 0000a000 08:03 140489                     /lib/x86_64-linux-gnu/libnss_nis-2.19.so
7f28b65a1000-7f28b65a2000 r--p 00009000 08:03 140489                     /lib/x86_64-linux-gnu/libnss_nis-2.19.so
7f28b65a2000-7f28b65a3000 rw-p 0000a000 08:03 140489                     /lib/x86_64-linux-gnu/libnss_nis-2.19.so
7f28b65a3000-7f28b65b8000 r-xp 00000000 08:03 140484                     /lib/x86_64-linux-gnu/libnsl-2.19.so
7f28b65b8000-7f28b67b7000 ---p 00015000 08:03 140484                     /lib/x86_64-linux-gnu/libnsl-2.19.so
7f28b67b7000-7f28b67b8000 r--p 00014000 08:03 140484                     /lib/x86_64-linux-gnu/libnsl-2.19.so
7f28b67b8000-7f28b67b9000 rw-p 00015000 08:03 140484                     /lib/x86_64-linux-gnu/libnsl-2.19.so
7f28b67b9000-7f28b67bb000 rw-p 00000000 00:00 0 
7f28b67bb000-7f28b67c2000 r-xp 00000000 08:03 140485                     /lib/x86_64-linux-gnu/libnss_compat-2.19.so
7f28b67c2000-7f28b69c1000 ---p 00007000 08:03 140485                     /lib/x86_64-linux-gnu/libnss_compat-2.19.so
7f28b69c1000-7f28b69c2000 r--p 00006000 08:03 140485                     /lib/x86_64-linux-gnu/libnss_compat-2.19.so
7f28b69c2000-7f28b69c3000 rw-p 00007000 08:03 140485                     /lib/x86_64-linux-gnu/libnss_compat-2.19.so
7f28b69c3000-7f28b69f0000 r-xp 00000000 08:03 3967117                    /home/antonio/Projects/android-studio/jre/jre/lib/amd64/libjava.so
7f28b69f0000-7f28b6bef000 ---p 0002d000 08:03 3967117                    /home/antonio/Projects/android-studio/jre/jre/lib/amd64/libjava.so
7f28b6bef000-7f28b6bf0000 r--p 0002c000 08:03 3967117                    /home/antonio/Projects/android-studio/jre/jre/lib/amd64/libjava.so
7f28b6bf0000-7f28b6bf2000 rw-p 0002d000 08:03 3967117                    /home/antonio/Projects/android-studio/jre/jre/lib/amd64/libjava.so
7f28b6bf2000-7f28b6c02000 r-xp 00000000 08:03 3967133                    /home/antonio/Projects/android-studio/jre/jre/lib/amd64/libverify.so
7f28b6c02000-7f28b6e01000 ---p 00010000 08:03 3967133                    /home/antonio/Projects/android-studio/jre/jre/lib/amd64/libverify.so
7f28b6e01000-7f28b6e03000 r--p 0000f000 08:03 3967133                    /home/antonio/Projects/android-studio/jre/jre/lib/amd64/libverify.so
7f28b6e03000-7f28b6e04000 rw-p 00011000 08:03 3967133                    /home/antonio/Projects/android-studio/jre/jre/lib/amd64/libverify.so
7f28b6e04000-7f28b6e0b000 r-xp 00000000 08:03 140493                     /lib/x86_64-linux-gnu/librt-2.19.so
7f28b6e0b000-7f28b700a000 ---p 00007000 08:03 140493                     /lib/x86_64-linux-gnu/librt-2.19.so
7f28b700a000-7f28b700b000 r--p 00006000 08:03 140493                     /lib/x86_64-linux-gnu/librt-2.19.so
7f28b700b000-7f28b700c000 rw-p 00007000 08:03 140493                     /lib/x86_64-linux-gnu/librt-2.19.so
7f28b700c000-7f28b710c000 r-xp 00000000 08:03 140482                     /lib/x86_64-linux-gnu/libm-2.19.so
7f28b710c000-7f28b730b000 ---p 00100000 08:03 140482                     /lib/x86_64-linux-gnu/libm-2.19.so
7f28b730b000-7f28b730c000 r--p 000ff000 08:03 140482                     /lib/x86_64-linux-gnu/libm-2.19.so
7f28b730c000-7f28b730d000 rw-p 00100000 08:03 140482                     /lib/x86_64-linux-gnu/libm-2.19.so
7f28b730d000-7f28b7ef3000 r-xp 00000000 08:03 3967137                    /home/antonio/Projects/android-studio/jre/jre/lib/amd64/server/libjvm.so
7f28b7ef3000-7f28b80f3000 ---p 00be6000 08:03 3967137                    /home/antonio/Projects/android-studio/jre/jre/lib/amd64/server/libjvm.so
7f28b80f3000-7f28b8192000 r--p 00be6000 08:03 3967137                    /home/antonio/Projects/android-studio/jre/jre/lib/amd64/server/libjvm.so
7f28b8192000-7f28b81bb000 rw-p 00c85000 08:03 3967137                    /home/antonio/Projects/android-studio/jre/jre/lib/amd64/server/libjvm.so
7f28b81bb000-7f28b81fd000 rw-p 00000000 00:00 0 
7f28b81fd000-7f28b8215000 r-xp 00000000 08:03 132073                     /lib/x86_64-linux-gnu/libpthread-2.19.so
7f28b8215000-7f28b8414000 ---p 00018000 08:03 132073                     /lib/x86_64-linux-gnu/libpthread-2.19.so
7f28b8414000-7f28b8415000 r--p 00017000 08:03 132073                     /lib/x86_64-linux-gnu/libpthread-2.19.so
7f28b8415000-7f28b8416000 rw-p 00018000 08:03 132073                     /lib/x86_64-linux-gnu/libpthread-2.19.so
7f28b8416000-7f28b841a000 rw-p 00000000 00:00 0 
7f28b841a000-7f28b841d000 r-xp 00000000 08:03 140481                     /lib/x86_64-linux-gnu/libdl-2.19.so
7f28b841d000-7f28b861c000 ---p 00003000 08:03 140481                     /lib/x86_64-linux-gnu/libdl-2.19.so
7f28b861c000-7f28b861d000 r--p 00002000 08:03 140481                     /lib/x86_64-linux-gnu/libdl-2.19.so
7f28b861d000-7f28b861e000 rw-p 00003000 08:03 140481                     /lib/x86_64-linux-gnu/libdl-2.19.so
7f28b861e000-7f28b87bf000 r-xp 00000000 08:03 140478                     /lib/x86_64-linux-gnu/libc-2.19.so
7f28b87bf000-7f28b89bf000 ---p 001a1000 08:03 140478                     /lib/x86_64-linux-gnu/libc-2.19.so
7f28b89bf000-7f28b89c3000 r--p 001a1000 08:03 140478                     /lib/x86_64-linux-gnu/libc-2.19.so
7f28b89c3000-7f28b89c5000 rw-p 001a5000 08:03 140478                     /lib/x86_64-linux-gnu/libc-2.19.so
7f28b89c5000-7f28b89c9000 rw-p 00000000 00:00 0 
7f28b89c9000-7f28b89df000 r-xp 00000000 08:03 3966997                    /home/antonio/Projects/android-studio/jre/lib/amd64/jli/libjli.so
7f28b89df000-7f28b8bde000 ---p 00016000 08:03 3966997                    /home/antonio/Projects/android-studio/jre/lib/amd64/jli/libjli.so
7f28b8bde000-7f28b8bdf000 r--p 00015000 08:03 3966997                    /home/antonio/Projects/android-studio/jre/lib/amd64/jli/libjli.so
7f28b8bdf000-7f28b8be0000 rw-p 00016000 08:03 3966997                    /home/antonio/Projects/android-studio/jre/lib/amd64/jli/libjli.so
7f28b8be0000-7f28b8c00000 r-xp 00000000 08:03 140475                     /lib/x86_64-linux-gnu/ld-2.19.so
7f28b8c06000-7f28b8cd9000 rw-p 00000000 00:00 0 
7f28b8cd9000-7f28b8cdc000 ---p 00000000 00:00 0 
7f28b8cdc000-7f28b8dde000 rw-p 00000000 00:00 0                          [stack:23311]
7f28b8de4000-7f28b8de5000 rw-p 00000000 00:00 0 
7f28b8de5000-7f28b8df4000 r--s 000df000 08:03 801078                     /home/antonio/Android/Sdk/build-tools/23.0.0/lib/dx.jar
7f28b8df4000-7f28b8dfc000 rw-s 00000000 08:03 1079211                    /tmp/hsperfdata_antonio/23306
7f28b8dfc000-7f28b8dfd000 rw-p 00000000 00:00 0 
7f28b8dfd000-7f28b8dfe000 ---p 00000000 00:00 0 
7f28b8dfe000-7f28b8e00000 rw-p 00000000 00:00 0 
7f28b8e00000-7f28b8e01000 r--p 00020000 08:03 140475                     /lib/x86_64-linux-gnu/ld-2.19.so
7f28b8e01000-7f28b8e02000 rw-p 00021000 08:03 140475                     /lib/x86_64-linux-gnu/ld-2.19.so
7f28b8e02000-7f28b8e03000 rw-p 00000000 00:00 0 
7ffdca476000-7ffdca497000 rw-p 00000000 00:00 0                          [stack]
7ffdca51b000-7ffdca51d000 r-xp 00000000 00:00 0                          [vdso]
7ffdca51d000-7ffdca51f000 r--p 00000000 00:00 0                          [vvar]
ffffffffff600000-ffffffffff601000 r-xp 00000000 00:00 0                  [vsyscall]

VM Arguments:
jvm_args: -Djava.awt.headless=true -Xmx4g -Dfile.encoding=UTF-8 -Duser.country=US -Duser.language=en -Duser.variant 
java_command: com.android.dx.command.Main --dex --force-jumbo --num-threads=4 --multi-dex --output /home/antonio/Projects/zup-cascavel/zup-android-cidadao/app/build/intermediates/transforms/dex/debug/folders/1000/5/slice_7 /home/antonio/Projects/zup-cascavel/zup-android-cidadao/app/build/intermediates/transforms/instantRunSlicer/debug/folders/1/5/slice_7
java_class_path (initial): /home/antonio/Android/Sdk/build-tools/23.0.0/lib/dx.jar
Launcher Type: SUN_STANDARD

Environment Variables:
PATH=/home/antonio/.nvm/versions/node/v6.6.0/bin:/home/antonio/.rbenv/plugins/ruby-build/bin:/home/antonio/.rbenv/bin:/usr/local/bin:/usr/bin:/bin:/usr/games
USERNAME=antonio
LD_LIBRARY_PATH=./bin:
SHELL=/bin/bash
DISPLAY=:0

Signal Handlers:
SIGSEGV: [libjvm.so+0x9daac0], sa_mask[0]=11111111011111111101111111111110, sa_flags=SA_RESTART|SA_SIGINFO
SIGBUS: [libjvm.so+0x9daac0], sa_mask[0]=11111111011111111101111111111110, sa_flags=SA_RESTART|SA_SIGINFO
SIGFPE: [libjvm.so+0x840d90], sa_mask[0]=11111111011111111101111111111110, sa_flags=SA_RESTART|SA_SIGINFO
SIGPIPE: [libjvm.so+0x840d90], sa_mask[0]=11111111011111111101111111111110, sa_flags=SA_RESTART|SA_SIGINFO
SIGXFSZ: [libjvm.so+0x840d90], sa_mask[0]=11111111011111111101111111111110, sa_flags=SA_RESTART|SA_SIGINFO
SIGILL: [libjvm.so+0x840d90], sa_mask[0]=11111111011111111101111111111110, sa_flags=SA_RESTART|SA_SIGINFO
SIGUSR1: SIG_DFL, sa_mask[0]=00000000000000000000000000000000, sa_flags=none
SIGUSR2: [libjvm.so+0x840c60], sa_mask[0]=00100000000000000000000000000000, sa_flags=SA_RESTART|SA_SIGINFO
SIGHUP: [libjvm.so+0x840e50], sa_mask[0]=11111111011111111101111111111110, sa_flags=SA_RESTART|SA_SIGINFO
SIGINT: [libjvm.so+0x840e50], sa_mask[0]=11111111011111111101111111111110, sa_flags=SA_RESTART|SA_SIGINFO
SIGTERM: [libjvm.so+0x840e50], sa_mask[0]=11111111011111111101111111111110, sa_flags=SA_RESTART|SA_SIGINFO
SIGQUIT: [libjvm.so+0x840e50], sa_mask[0]=11111111011111111101111111111110, sa_flags=SA_RESTART|SA_SIGINFO


---------------  S Y S T E M  ---------------

OS:PRETTY_NAME="Debian GNU/Linux 8 (jessie)"
NAME="Debian GNU/Linux"
VERSION_ID="8"
VERSION="8 (jessie)"
ID=debian
HOME_URL="http://www.debian.org/"
SUPPORT_URL="http://www.debian.org/support"
BUG_REPORT_URL="https://bugs.debian.org/"

uname:Linux 3.16.0-4-amd64 #1 SMP Debian 3.16.7-ckt25-2 (2016-04-08) x86_64
libc:glibc 2.19 NPTL 2.19 
rlimit: STACK 8192k, CORE 0k, NPROC 31523, NOFILE 65536, AS infinity
load average:2.65 1.05 1.19

/proc/meminfo:
MemTotal:        8147524 kB
MemFree:          127552 kB
MemAvailable:     116156 kB
Buffers:            2032 kB
Cached:           343932 kB
SwapCached:        47632 kB
Active:          6293948 kB
Inactive:        1087572 kB
Active(anon):    6264972 kB
Inactive(anon):  1072592 kB
Active(file):      28976 kB
Inactive(file):    14980 kB
Unevictable:        1248 kB
Mlocked:            1248 kB
SwapTotal:       3905532 kB
SwapFree:              0 kB
Dirty:               324 kB
Writeback:             0 kB
AnonPages:       6991160 kB
Mapped:           573456 kB
Shmem:            301536 kB
Slab:             178912 kB
SReclaimable:     102172 kB
SUnreclaim:        76740 kB
KernelStack:       16896 kB
PageTables:        78516 kB
NFS_Unstable:          0 kB
Bounce:                0 kB
WritebackTmp:          0 kB
CommitLimit:     7979292 kB
Committed_AS:   17624140 kB
VmallocTotal:   34359738367 kB
VmallocUsed:      325284 kB
VmallocChunk:   34359389660 kB
HardwareCorrupted:     0 kB
AnonHugePages:         0 kB
HugePages_Total:       0
HugePages_Free:        0
HugePages_Rsvd:        0
HugePages_Surp:        0
Hugepagesize:       2048 kB
DirectMap4k:     8096708 kB
DirectMap2M:    18446744073708746752 kB
DirectMap1G:     1048576 kB


CPU:total 4 (4 cores per cpu, 1 threads per core) family 6 model 94 stepping 3, cmov, cx8, fxsr, mmx, sse, sse2, sse3, ssse3, sse4.1, sse4.2, popcnt, avx, avx2, aes, clmul, erms, rtm, 3dnowpref, lzcnt, tsc, tscinvbit, bmi1, bmi2, adx

/proc/cpuinfo:
processor	: 0
vendor_id	: GenuineIntel
cpu family	: 6
model		: 94
model name	: Intel(R) Core(TM) i5-6500T CPU @ 2.50GHz
stepping	: 3
microcode	: 0x39
cpu MHz		: 2500.000
cache size	: 6144 KB
physical id	: 0
siblings	: 4
core id		: 0
cpu cores	: 4
apicid		: 0
initial apicid	: 0
fpu		: yes
fpu_exception	: yes
cpuid level	: 22
wp		: yes
flags		: fpu vme de pse tsc msr pae mce cx8 apic sep mtrr pge mca cmov pat pse36 clflush dts acpi mmx fxsr sse sse2 ss ht tm pbe syscall nx pdpe1gb rdtscp lm constant_tsc arch_perfmon pebs bts rep_good nopl xtopology nonstop_tsc aperfmperf eagerfpu pni pclmulqdq dtes64 monitor ds_cpl vmx smx est tm2 ssse3 fma cx16 xtpr pdcm pcid sse4_1 sse4_2 x2apic movbe popcnt tsc_deadline_timer aes xsave avx f16c rdrand lahf_lm abm 3dnowprefetch ida arat xsaveopt pln pts dtherm tpr_shadow vnmi flexpriority ept vpid fsgsbase tsc_adjust bmi1 hle avx2 smep bmi2 erms invpcid rtm mpx rdseed adx smap clflushopt
bogomips	: 4989.79
clflush size	: 64
cache_alignment	: 64
address sizes	: 39 bits physical, 48 bits virtual
power management:

processor	: 1
vendor_id	: GenuineIntel
cpu family	: 6
model		: 94
model name	: Intel(R) Core(TM) i5-6500T CPU @ 2.50GHz
stepping	: 3
microcode	: 0x39
cpu MHz		: 2500.000
cache size	: 6144 KB
physical id	: 0
siblings	: 4
core id		: 1
cpu cores	: 4
apicid		: 2
initial apicid	: 2
fpu		: yes
fpu_exception	: yes
cpuid level	: 22
wp		: yes
flags		: fpu vme de pse tsc msr pae mce cx8 apic sep mtrr pge mca cmov pat pse36 clflush dts acpi mmx fxsr sse sse2 ss ht tm pbe syscall nx pdpe1gb rdtscp lm constant_tsc arch_perfmon pebs bts rep_good nopl xtopology nonstop_tsc aperfmperf eagerfpu pni pclmulqdq dtes64 monitor ds_cpl vmx smx est tm2 ssse3 fma cx16 xtpr pdcm pcid sse4_1 sse4_2 x2apic movbe popcnt tsc_deadline_timer aes xsave avx f16c rdrand lahf_lm abm 3dnowprefetch ida arat xsaveopt pln pts dtherm tpr_shadow vnmi flexpriority ept vpid fsgsbase tsc_adjust bmi1 hle avx2 smep bmi2 erms invpcid rtm mpx rdseed adx smap clflushopt
bogomips	: 4989.79
clflush size	: 64
cache_alignment	: 64
address sizes	: 39 bits physical, 48 bits virtual
power management:

processor	: 2
vendor_id	: GenuineIntel
cpu family	: 6
model		: 94
model name	: Intel(R) Core(TM) i5-6500T CPU @ 2.50GHz
stepping	: 3
microcode	: 0x39
cpu MHz		: 2500.000
cache size	: 6144 KB
physical id	: 0
siblings	: 4
core id		: 2
cpu cores	: 4
apicid		: 4
initial apicid	: 4
fpu		: yes
fpu_exception	: yes
cpuid level	: 22
wp		: yes
flags		: fpu vme de pse tsc msr pae mce cx8 apic sep mtrr pge mca cmov pat pse36 clflush dts acpi mmx fxsr sse sse2 ss ht tm pbe syscall nx pdpe1gb rdtscp lm constant_tsc arch_perfmon pebs bts rep_good nopl xtopology nonstop_tsc aperfmperf eagerfpu pni pclmulqdq dtes64 monitor ds_cpl vmx smx est tm2 ssse3 fma cx16 xtpr pdcm pcid sse4_1 sse4_2 x2apic movbe popcnt tsc_deadline_timer aes xsave avx f16c rdrand lahf_lm abm 3dnowprefetch ida arat xsaveopt pln pts dtherm tpr_shadow vnmi flexpriority ept vpid fsgsbase tsc_adjust bmi1 hle avx2 smep bmi2 erms invpcid rtm mpx rdseed adx smap clflushopt
bogomips	: 4989.79
clflush size	: 64
cache_alignment	: 64
address sizes	: 39 bits physical, 48 bits virtual
power management:

processor	: 3
vendor_id	: GenuineIntel
cpu family	: 6
model		: 94
model name	: Intel(R) Core(TM) i5-6500T CPU @ 2.50GHz
stepping	: 3
microcode	: 0x39
cpu MHz		: 2500.000
cache size	: 6144 KB
physical id	: 0
siblings	: 4
core id		: 3
cpu cores	: 4
apicid		: 6
initial apicid	: 6
fpu		: yes
fpu_exception	: yes
cpuid level	: 22
wp		: yes
flags		: fpu vme de pse tsc msr pae mce cx8 apic sep mtrr pge mca cmov pat pse36 clflush dts acpi mmx fxsr sse sse2 ss ht tm pbe syscall nx pdpe1gb rdtscp lm constant_tsc arch_perfmon pebs bts rep_good nopl xtopology nonstop_tsc aperfmperf eagerfpu pni pclmulqdq dtes64 monitor ds_cpl vmx smx est tm2 ssse3 fma cx16 xtpr pdcm pcid sse4_1 sse4_2 x2apic movbe popcnt tsc_deadline_timer aes xsave avx f16c rdrand lahf_lm abm 3dnowprefetch ida arat xsaveopt pln pts dtherm tpr_shadow vnmi flexpriority ept vpid fsgsbase tsc_adjust bmi1 hle avx2 smep bmi2 erms invpcid rtm mpx rdseed adx smap clflushopt
bogomips	: 4989.79
clflush size	: 64
cache_alignment	: 64
address sizes	: 39 bits physical, 48 bits virtual
power management:



Memory: 4k page, physical 8147524k(127552k free), swap 3905532k(0k free)

vm_info: OpenJDK 64-Bit Server VM (25.76-b03) for linux-amd64 JRE (1.8.0_76-release-b03), built on Jun 29 2016 09:39:19 by "builder" with gcc 4.8.4

time: Thu Feb 23 12:08:13 2017
elapsed time: 4 seconds (0d 0h 0m 4s)

