#
# There is insufficient memory for the Java Runtime Environment to continue.
# Native memory allocation (mmap) failed to map 171966464 bytes for committing reserved memory.
# Possible reasons:
#   The system is out of physical RAM or swap space
#   In 32 bit mode, the process size limit was hit
# Possible solutions:
#   Reduce memory load on the system
#   Increase physical memory or swap space
#   Check if swap backing store is full
#   Use 64 bit Java on a 64 bit OS
#   Decrease Java heap size (-Xmx/-Xms)
#   Decrease number of Java threads
#   Decrease Java thread stack sizes (-Xss)
#   Set larger code cache with -XX:ReservedCodeCacheSize=
# This output file may be truncated or incomplete.
#
#  Out of Memory Error (os_linux.cpp:2627), pid=23692, tid=0x00007f2a8ffff700
#
# JRE version: OpenJDK Runtime Environment (8.0_76-b03) (build 1.8.0_76-release-b03)
# Java VM: OpenJDK 64-Bit Server VM (25.76-b03 mixed mode linux-amd64 compressed oops)
# Failed to write core dump. Core dumps have been disabled. To enable core dumping, try "ulimit -c unlimited" before starting Java again
#

---------------  T H R E A D  ---------------

Current thread (0x00007f2aa4077800):  VMThread [stack: 0x00007f2a8feff000,0x00007f2a90000000] [id=23701]

Stack: [0x00007f2a8feff000,0x00007f2a90000000],  sp=0x00007f2a8fffe4c0,  free space=1021k
Native frames: (J=compiled Java code, j=interpreted, Vv=VM code, C=native code)
V  [libjvm.so+0x9d9fcd]  VMError::report_and_die()+0x15d
V  [libjvm.so+0x4b4d4a]  report_vm_out_of_memory(char const*, int, unsigned long, VMErrorType, char const*)+0x8a
V  [libjvm.so+0x845190]  os::pd_commit_memory(char*, unsigned long, unsigned long, bool)+0xf0
V  [libjvm.so+0x83fcbf]  os::commit_memory(char*, unsigned long, unsigned long, bool)+0x1f
V  [libjvm.so+0x8b4d9b]  PSVirtualSpace::expand_by(unsigned long)+0x5b
V  [libjvm.so+0x8b5a10]  PSYoungGen::resize_generation(unsigned long, unsigned long)+0xb0
V  [libjvm.so+0x8b5d2b]  PSYoungGen::resize(unsigned long, unsigned long)+0x1b
V  [libjvm.so+0x8b241c]  PSScavenge::invoke_no_policy()+0xdac
V  [libjvm.so+0x8b2bf8]  PSScavenge::invoke()+0x38
V  [libjvm.so+0x8681f3]  ParallelScavengeHeap::failed_mem_allocate(unsigned long)+0x63
V  [libjvm.so+0x9dba94]  VM_ParallelGCFailedAllocation::doit()+0x84
V  [libjvm.so+0x9dfe47]  VM_Operation::evaluate()+0x47
V  [libjvm.so+0x9de908]  VMThread::evaluate_operation(VM_Operation*)+0x2c8
V  [libjvm.so+0x9ded89]  VMThread::loop()+0x219
V  [libjvm.so+0x9df1d2]  VMThread::run()+0x72
V  [libjvm.so+0x8425b2]  java_start(Thread*)+0xf2

VM_Operation (0x00007f2a8f46b580): ParallelGCFailedAllocation, mode: safepoint, requested by thread 0x00007f2aa4134000


---------------  P R O C E S S  ---------------

Java Threads: ( => current thread )
  0x00007f2aa4134000 JavaThread "pool-1-thread-1" [_thread_blocked, id=23776, stack(0x00007f2a8f36c000,0x00007f2a8f46d000)]
  0x00007f2aa40bf800 JavaThread "Service Thread" daemon [_thread_blocked, id=23711, stack(0x00007f2a8f66f000,0x00007f2a8f770000)]
  0x00007f2aa40bc800 JavaThread "C1 CompilerThread2" daemon [_thread_blocked, id=23708, stack(0x00007f2a8f770000,0x00007f2a8f871000)]
  0x00007f2aa40bb000 JavaThread "C2 CompilerThread1" daemon [_thread_blocked, id=23706, stack(0x00007f2a8f871000,0x00007f2a8f972000)]
  0x00007f2aa40b8000 JavaThread "C2 CompilerThread0" daemon [_thread_blocked, id=23705, stack(0x00007f2a8f972000,0x00007f2a8fa73000)]
  0x00007f2aa40b7000 JavaThread "Signal Dispatcher" daemon [_thread_blocked, id=23704, stack(0x00007f2a8fa73000,0x00007f2a8fb74000)]
  0x00007f2aa4084000 JavaThread "Finalizer" daemon [_thread_blocked, id=23703, stack(0x00007f2a8fcfd000,0x00007f2a8fdfe000)]
  0x00007f2aa407f800 JavaThread "Reference Handler" daemon [_thread_blocked, id=23702, stack(0x00007f2a8fdfe000,0x00007f2a8feff000)]
  0x00007f2aa400a000 JavaThread "main" [_thread_blocked, id=23694, stack(0x00007f2aad5f6000,0x00007f2aad6f7000)]

Other Threads:
=>0x00007f2aa4077800 VMThread [stack: 0x00007f2a8feff000,0x00007f2a90000000] [id=23701]
  0x00007f2aa40c2000 WatcherThread [stack: 0x00007f2a8f56e000,0x00007f2a8f66f000] [id=23713]

VM state:at safepoint (normal execution)

VM Mutex/Monitor currently owned by a thread:  ([mutex/lock_event])
[0x00007f2aa40067e0] Threads_lock - owner thread: 0x00007f2aa4077800
[0x00007f2aa4006ce0] Heap_lock - owner thread: 0x00007f2aa4134000

Heap:
 PSYoungGen      total 136192K, used 5110K [0x000000076ab00000, 0x0000000773500000, 0x00000007c0000000)
  eden space 131072K, 0% used [0x000000076ab00000,0x000000076ab00000,0x0000000772b00000)
  from space 5120K, 99% used [0x0000000772b00000,0x0000000772ffd878,0x0000000773000000)
  to   space 5120K, 0% used [0x0000000773000000,0x0000000773000000,0x0000000773500000)
 ParOldGen       total 86016K, used 44879K [0x00000006c0000000, 0x00000006c5400000, 0x000000076ab00000)
  object space 86016K, 52% used [0x00000006c0000000,0x00000006c2bd3d38,0x00000006c5400000)
 Metaspace       used 6492K, capacity 7472K, committed 7552K, reserved 1056768K
  class space    used 584K, capacity 616K, committed 640K, reserved 1048576K

Card table byte_map: [0x00007f2aa9ccc000,0x00007f2aaa4cd000] byte_map_base: 0x00007f2aa66cc000

Marking Bits: (ParMarkBitMap*) 0x00007f2aacaed1a0
 Begin Bits: [0x00007f2a70000000, 0x00007f2a74000000)
 End Bits:   [0x00007f2a74000000, 0x00007f2a78000000)

Polling page: 0x00007f2aad71a000

CodeCache: size=245760Kb used=8166Kb max_used=8177Kb free=237593Kb
 bounds [0x00007f2a95000000, 0x00007f2a95810000, 0x00007f2aa4000000]
 total_blobs=2526 nmethods=2256 adapters=183
 compilation: enabled

Compilation events (10 events):
Event: 10.229 Thread 0x00007f2aa40bc800 2419  s    2       java.lang.StringBuffer::toString (36 bytes)
Event: 10.230 Thread 0x00007f2aa40bc800 nmethod 2419 0x00007f2a957ea410 code [0x00007f2a957ea580, 0x00007f2a957ea928]
Event: 10.231 Thread 0x00007f2aa40bc800 2426       1       com.android.dx.dex.file.AnnotationsDirectoryItem::itemType (4 bytes)
Event: 10.231 Thread 0x00007f2aa40bc800 nmethod 2426 0x00007f2a957ea150 code [0x00007f2a957ea2a0, 0x00007f2a957ea3b0]
Event: 10.232 Thread 0x00007f2aa40bc800 2427       1       com.android.dx.dex.file.DebugInfoItem::itemType (4 bytes)
Event: 10.232 Thread 0x00007f2aa40bc800 nmethod 2427 0x00007f2a957e9e90 code [0x00007f2a957e9fe0, 0x00007f2a957ea0f0]
Event: 10.232 Thread 0x00007f2aa40bb000 nmethod 2019 0x00007f2a957e9a50 code [0x00007f2a957e9ba0, 0x00007f2a957e9d38]
Event: 10.232 Thread 0x00007f2aa40bb000 1842       4       com.android.dx.ssa.SCCP::simulatePhi (169 bytes)
Event: 10.232 Thread 0x00007f2aa40bc800 2428       2       com.android.dx.dex.file.ClassDataItem::itemType (4 bytes)
Event: 10.232 Thread 0x00007f2aa40bc800 nmethod 2428 0x00007f2a957eee10 code [0x00007f2a957eef60, 0x00007f2a957ef0b0]

GC Heap History (9 events):
Event: 1.455 GC heap before
{Heap before GC invocations=1 (full 0):
 PSYoungGen      total 37888K, used 32768K [0x000000076ab00000, 0x000000076d500000, 0x00000007c0000000)
  eden space 32768K, 100% used [0x000000076ab00000,0x000000076cb00000,0x000000076cb00000)
  from space 5120K, 0% used [0x000000076d000000,0x000000076d000000,0x000000076d500000)
  to   space 5120K, 0% used [0x000000076cb00000,0x000000076cb00000,0x000000076d000000)
 ParOldGen       total 86016K, used 0K [0x00000006c0000000, 0x00000006c5400000, 0x000000076ab00000)
  object space 86016K, 0% used [0x00000006c0000000,0x00000006c0000000,0x00000006c5400000)
 Metaspace       used 5591K, capacity 6768K, committed 7040K, reserved 1056768K
  class space    used 558K, capacity 616K, committed 640K, reserved 1048576K
Event: 1.474 GC heap after
Heap after GC invocations=1 (full 0):
 PSYoungGen      total 37888K, used 5092K [0x000000076ab00000, 0x000000076f500000, 0x00000007c0000000)
  eden space 32768K, 0% used [0x000000076ab00000,0x000000076ab00000,0x000000076cb00000)
  from space 5120K, 99% used [0x000000076cb00000,0x000000076cff9218,0x000000076d000000)
  to   space 5120K, 0% used [0x000000076f000000,0x000000076f000000,0x000000076f500000)
 ParOldGen       total 86016K, used 1292K [0x00000006c0000000, 0x00000006c5400000, 0x000000076ab00000)
  object space 86016K, 1% used [0x00000006c0000000,0x00000006c0143050,0x00000006c5400000)
 Metaspace       used 5591K, capacity 6768K, committed 7040K, reserved 1056768K
  class space    used 558K, capacity 616K, committed 640K, reserved 1048576K
}
Event: 1.870 GC heap before
{Heap before GC invocations=2 (full 0):
 PSYoungGen      total 37888K, used 37860K [0x000000076ab00000, 0x000000076f500000, 0x00000007c0000000)
  eden space 32768K, 100% used [0x000000076ab00000,0x000000076cb00000,0x000000076cb00000)
  from space 5120K, 99% used [0x000000076cb00000,0x000000076cff9218,0x000000076d000000)
  to   space 5120K, 0% used [0x000000076f000000,0x000000076f000000,0x000000076f500000)
 ParOldGen       total 86016K, used 1292K [0x00000006c0000000, 0x00000006c5400000, 0x000000076ab00000)
  object space 86016K, 1% used [0x00000006c0000000,0x00000006c0143050,0x00000006c5400000)
 Metaspace       used 5673K, capacity 6832K, committed 7040K, reserved 1056768K
  class space    used 561K, capacity 616K, committed 640K, reserved 1048576K
Event: 1.903 GC heap after
Heap after GC invocations=2 (full 0):
 PSYoungGen      total 70656K, used 5088K [0x000000076ab00000, 0x000000076f500000, 0x00000007c0000000)
  eden space 65536K, 0% used [0x000000076ab00000,0x000000076ab00000,0x000000076eb00000)
  from space 5120K, 99% used [0x000000076f000000,0x000000076f4f8158,0x000000076f500000)
  to   space 5120K, 0% used [0x000000076eb00000,0x000000076eb00000,0x000000076f000000)
 ParOldGen       total 86016K, used 7899K [0x00000006c0000000, 0x00000006c5400000, 0x000000076ab00000)
  object space 86016K, 9% used [0x00000006c0000000,0x00000006c07b6ea8,0x00000006c5400000)
 Metaspace       used 5673K, capacity 6832K, committed 7040K, reserved 1056768K
  class space    used 561K, capacity 616K, committed 640K, reserved 1048576K
}
Event: 2.548 GC heap before
{Heap before GC invocations=3 (full 0):
 PSYoungGen      total 70656K, used 70624K [0x000000076ab00000, 0x000000076f500000, 0x00000007c0000000)
  eden space 65536K, 100% used [0x000000076ab00000,0x000000076eb00000,0x000000076eb00000)
  from space 5120K, 99% used [0x000000076f000000,0x000000076f4f8158,0x000000076f500000)
  to   space 5120K, 0% used [0x000000076eb00000,0x000000076eb00000,0x000000076f000000)
 ParOldGen       total 86016K, used 7899K [0x00000006c0000000, 0x00000006c5400000, 0x000000076ab00000)
  object space 86016K, 9% used [0x00000006c0000000,0x00000006c07b6ea8,0x00000006c5400000)
 Metaspace       used 5747K, capacity 6896K, committed 7040K, reserved 1056768K
  class space    used 562K, capacity 616K, committed 640K, reserved 1048576K
Event: 2.623 GC heap after
Heap after GC invocations=3 (full 0):
 PSYoungGen      total 70656K, used 5100K [0x000000076ab00000, 0x0000000773500000, 0x00000007c0000000)
  eden space 65536K, 0% used [0x000000076ab00000,0x000000076ab00000,0x000000076eb00000)
  from space 5120K, 99% used [0x000000076eb00000,0x000000076effb1e0,0x000000076f000000)
  to   space 5120K, 0% used [0x0000000773000000,0x0000000773000000,0x0000000773500000)
 ParOldGen       total 86016K, used 21612K [0x00000006c0000000, 0x00000006c5400000, 0x000000076ab00000)
  object space 86016K, 25% used [0x00000006c0000000,0x00000006c151b378,0x00000006c5400000)
 Metaspace       used 5747K, capacity 6896K, committed 7040K, reserved 1056768K
  class space    used 562K, capacity 616K, committed 640K, reserved 1048576K
}
Event: 3.239 GC heap before
{Heap before GC invocations=4 (full 0):
 PSYoungGen      total 70656K, used 70636K [0x000000076ab00000, 0x0000000773500000, 0x00000007c0000000)
  eden space 65536K, 100% used [0x000000076ab00000,0x000000076eb00000,0x000000076eb00000)
  from space 5120K, 99% used [0x000000076eb00000,0x000000076effb1e0,0x000000076f000000)
  to   space 5120K, 0% used [0x0000000773000000,0x0000000773000000,0x0000000773500000)
 ParOldGen       total 86016K, used 21612K [0x00000006c0000000, 0x00000006c5400000, 0x000000076ab00000)
  object space 86016K, 25% used [0x00000006c0000000,0x00000006c151b378,0x00000006c5400000)
 Metaspace       used 5851K, capacity 6960K, committed 7040K, reserved 1056768K
  class space    used 562K, capacity 616K, committed 640K, reserved 1048576K
Event: 3.331 GC heap after
Heap after GC invocations=4 (full 0):
 PSYoungGen      total 136192K, used 5094K [0x000000076ab00000, 0x0000000773500000, 0x00000007c0000000)
  eden space 131072K, 0% used [0x000000076ab00000,0x000000076ab00000,0x0000000772b00000)
  from space 5120K, 99% used [0x0000000773000000,0x00000007734f9a18,0x0000000773500000)
  to   space 5120K, 0% used [0x0000000772b00000,0x0000000772b00000,0x0000000773000000)
 ParOldGen       total 86016K, used 33133K [0x00000006c0000000, 0x00000006c5400000, 0x000000076ab00000)
  object space 86016K, 38% used [0x00000006c0000000,0x00000006c205b678,0x00000006c5400000)
 Metaspace       used 5851K, capacity 6960K, committed 7040K, reserved 1056768K
  class space    used 562K, capacity 616K, committed 640K, reserved 1048576K
}
Event: 10.241 GC heap before
{Heap before GC invocations=5 (full 0):
 PSYoungGen      total 136192K, used 136166K [0x000000076ab00000, 0x0000000773500000, 0x00000007c0000000)
  eden space 131072K, 100% used [0x000000076ab00000,0x0000000772b00000,0x0000000772b00000)
  from space 5120K, 99% used [0x0000000773000000,0x00000007734f9a18,0x0000000773500000)
  to   space 5120K, 0% used [0x0000000772b00000,0x0000000772b00000,0x0000000773000000)
 ParOldGen       total 86016K, used 33133K [0x00000006c0000000, 0x00000006c5400000, 0x000000076ab00000)
  object space 86016K, 38% used [0x00000006c0000000,0x00000006c205b678,0x00000006c5400000)
 Metaspace       used 6492K, capacity 7472K, committed 7552K, reserved 1056768K
  class space    used 584K, capacity 616K, committed 640K, reserved 1048576K

Deoptimization events (10 events):
Event: 4.243 Thread 0x00007f2aa4134000 Uncommon trap: reason=unstable_if action=reinterpret pc=0x00007f2a951aab4c method=java.lang.String.replace(CC)Ljava/lang/String; @ 26
Event: 4.313 Thread 0x00007f2aa4134000 Uncommon trap: reason=unstable_if action=reinterpret pc=0x00007f2a95655bec method=java.util.HashMap.putVal(ILjava/lang/Object;Ljava/lang/Object;ZZ)Ljava/lang/Object; @ 94
Event: 4.734 Thread 0x00007f2aa4134000 Uncommon trap: reason=speculate_class_check action=maybe_recompile pc=0x00007f2a9534be98 method=com.android.dx.util.FixedSizeList.equals(Ljava/lang/Object;)Z @ 25
Event: 4.734 Thread 0x00007f2aa4134000 Uncommon trap: reason=class_check action=maybe_recompile pc=0x00007f2a95337d54 method=java.util.Arrays.equals([Ljava/lang/Object;[Ljava/lang/Object;)Z @ 62
Event: 4.734 Thread 0x00007f2aa4134000 Uncommon trap: reason=speculate_class_check action=maybe_recompile pc=0x00007f2a9534be98 method=com.android.dx.util.FixedSizeList.equals(Ljava/lang/Object;)Z @ 25
Event: 4.734 Thread 0x00007f2aa4134000 Uncommon trap: reason=class_check action=maybe_recompile pc=0x00007f2a95337d54 method=java.util.Arrays.equals([Ljava/lang/Object;[Ljava/lang/Object;)Z @ 62
Event: 4.734 Thread 0x00007f2aa4134000 Uncommon trap: reason=speculate_class_check action=maybe_recompile pc=0x00007f2a9534be98 method=com.android.dx.util.FixedSizeList.equals(Ljava/lang/Object;)Z @ 25
Event: 4.734 Thread 0x00007f2aa4134000 Uncommon trap: reason=class_check action=maybe_recompile pc=0x00007f2a95337d54 method=java.util.Arrays.equals([Ljava/lang/Object;[Ljava/lang/Object;)Z @ 62
Event: 4.734 Thread 0x00007f2aa4134000 Uncommon trap: reason=speculate_class_check action=maybe_recompile pc=0x00007f2a9534be98 method=com.android.dx.util.FixedSizeList.equals(Ljava/lang/Object;)Z @ 25
Event: 4.738 Thread 0x00007f2aa4134000 Uncommon trap: reason=class_check action=maybe_recompile pc=0x00007f2a95337d54 method=java.util.Arrays.equals([Ljava/lang/Object;[Ljava/lang/Object;)Z @ 62

Internal exceptions (3 events):
Event: 0.107 Thread 0x00007f2aa400a000 Exception <a 'java/lang/NoSuchMethodError': Method sun.misc.Unsafe.defineClass(Ljava/lang/String;[BII)Ljava/lang/Class; name or signature does not match> (0x000000076ab07cc0) thrown at [/ssd/Android/AOSP-openjdk/external/jetbrains/jdk/hotspot/src/share/vm
Event: 0.107 Thread 0x00007f2aa400a000 Exception <a 'java/lang/NoSuchMethodError': Method sun.misc.Unsafe.prefetchRead(Ljava/lang/Object;J)V name or signature does not match> (0x000000076ab07fa8) thrown at [/ssd/Android/AOSP-openjdk/external/jetbrains/jdk/hotspot/src/share/vm/prims/jni.cpp, li
Event: 2.942 Thread 0x00007f2aa4130800 Implicit null exception at 0x00007f2a9525b331 to 0x00007f2a9525d10d

Events (10 events):
Event: 5.180 loading class com/android/dx/dex/file/DebugInfoEncoder$1 done
Event: 5.180 loading class com/android/dx/dex/file/DebugInfoEncoder$2
Event: 5.180 loading class com/android/dx/dex/file/DebugInfoEncoder$2 done
Event: 5.216 loading class com/android/dex/EncodedValueCodec
Event: 5.216 loading class com/android/dex/EncodedValueCodec done
Event: 9.859 loading class com/android/dx/dex/file/MapItem
Event: 10.194 loading class com/android/dx/dex/file/MapItem done
Event: 10.212 loading class com/android/dx/dex/file/UniformListItem
Event: 10.212 loading class com/android/dx/dex/file/UniformListItem done
Event: 10.233 Executing VM operation: ParallelGCFailedAllocation


Dynamic libraries:
00400000-00401000 r-xp 00000000 08:03 3967023                            /home/antonio/Projects/android-studio/jre/bin/java
00600000-00601000 r--p 00000000 08:03 3967023                            /home/antonio/Projects/android-studio/jre/bin/java
00601000-00602000 rw-p 00001000 08:03 3967023                            /home/antonio/Projects/android-studio/jre/bin/java
0207c000-0209d000 rw-p 00000000 00:00 0                                  [heap]
6c0000000-6c5400000 rw-p 00000000 00:00 0 
6c5400000-76ab00000 ---p 00000000 00:00 0 
76ab00000-773500000 rw-p 00000000 00:00 0 
77d900000-7c0000000 ---p 00000000 00:00 0 
7c0000000-7c00a0000 rw-p 00000000 00:00 0 
7c00a0000-800000000 ---p 00000000 00:00 0 
7f2a38000000-7f2a38021000 rw-p 00000000 00:00 0 
7f2a38021000-7f2a3c000000 ---p 00000000 00:00 0 
7f2a40000000-7f2a40021000 rw-p 00000000 00:00 0 
7f2a40021000-7f2a44000000 ---p 00000000 00:00 0 
7f2a44000000-7f2a44021000 rw-p 00000000 00:00 0 
7f2a44021000-7f2a48000000 ---p 00000000 00:00 0 
7f2a48000000-7f2a48035000 rw-p 00000000 00:00 0 
7f2a48035000-7f2a4c000000 ---p 00000000 00:00 0 
7f2a4c000000-7f2a4c021000 rw-p 00000000 00:00 0 
7f2a4c021000-7f2a50000000 ---p 00000000 00:00 0 
7f2a50000000-7f2a50021000 rw-p 00000000 00:00 0 
7f2a50021000-7f2a54000000 ---p 00000000 00:00 0 
7f2a54000000-7f2a54021000 rw-p 00000000 00:00 0 
7f2a54021000-7f2a58000000 ---p 00000000 00:00 0 
7f2a58000000-7f2a58f7a000 rw-p 00000000 00:00 0 
7f2a58f7a000-7f2a5c000000 ---p 00000000 00:00 0 
7f2a5c000000-7f2a5ce29000 rw-p 00000000 00:00 0 
7f2a5ce29000-7f2a60000000 ---p 00000000 00:00 0 
7f2a60000000-7f2a60021000 rw-p 00000000 00:00 0 
7f2a60021000-7f2a64000000 ---p 00000000 00:00 0 
7f2a64000000-7f2a64961000 rw-p 00000000 00:00 0 
7f2a64961000-7f2a68000000 ---p 00000000 00:00 0 
7f2a68000000-7f2a68021000 rw-p 00000000 00:00 0 
7f2a68021000-7f2a6c000000 ---p 00000000 00:00 0 
7f2a6c000000-7f2a6c021000 rw-p 00000000 00:00 0 
7f2a6c021000-7f2a70000000 ---p 00000000 00:00 0 
7f2a70000000-7f2a78000000 rw-p 00000000 00:00 0 
7f2a78000000-7f2a78021000 rw-p 00000000 00:00 0 
7f2a78021000-7f2a7c000000 ---p 00000000 00:00 0 
7f2a7c000000-7f2a7c27c000 rw-p 00000000 00:00 0 
7f2a7c27c000-7f2a80000000 ---p 00000000 00:00 0 
7f2a80000000-7f2a80021000 rw-p 00000000 00:00 0 
7f2a80021000-7f2a84000000 ---p 00000000 00:00 0 
7f2a88000000-7f2a88021000 rw-p 00000000 00:00 0 
7f2a88021000-7f2a8c000000 ---p 00000000 00:00 0 
7f2a8f069000-7f2a8f06c000 ---p 00000000 00:00 0 
7f2a8f06c000-7f2a8f16a000 rw-p 00000000 00:00 0 
7f2a8f16a000-7f2a8f16d000 ---p 00000000 00:00 0 
7f2a8f16d000-7f2a8f26b000 rw-p 00000000 00:00 0 
7f2a8f26b000-7f2a8f26e000 ---p 00000000 00:00 0 
7f2a8f26e000-7f2a8f36c000 rw-p 00000000 00:00 0 
7f2a8f36c000-7f2a8f36f000 ---p 00000000 00:00 0 
7f2a8f36f000-7f2a8f46d000 rw-p 00000000 00:00 0                          [stack:23776]
7f2a8f46d000-7f2a8f470000 ---p 00000000 00:00 0 
7f2a8f470000-7f2a8f56e000 rw-p 00000000 00:00 0 
7f2a8f56e000-7f2a8f56f000 ---p 00000000 00:00 0 
7f2a8f56f000-7f2a8f66f000 rw-p 00000000 00:00 0                          [stack:23713]
7f2a8f66f000-7f2a8f672000 ---p 00000000 00:00 0 
7f2a8f672000-7f2a8f770000 rw-p 00000000 00:00 0                          [stack:23711]
7f2a8f770000-7f2a8f773000 ---p 00000000 00:00 0 
7f2a8f773000-7f2a8f871000 rw-p 00000000 00:00 0                          [stack:23708]
7f2a8f871000-7f2a8f874000 ---p 00000000 00:00 0 
7f2a8f874000-7f2a8f972000 rw-p 00000000 00:00 0                          [stack:23706]
7f2a8f972000-7f2a8f975000 ---p 00000000 00:00 0 
7f2a8f975000-7f2a8fa73000 rw-p 00000000 00:00 0                          [stack:23705]
7f2a8fa73000-7f2a8fa76000 ---p 00000000 00:00 0 
7f2a8fa76000-7f2a8fb74000 rw-p 00000000 00:00 0                          [stack:23704]
7f2a8fb74000-7f2a8fcfd000 r--p 00000000 08:03 3935837                    /usr/lib/locale/locale-archive
7f2a8fcfd000-7f2a8fd00000 ---p 00000000 00:00 0 
7f2a8fd00000-7f2a8fdfe000 rw-p 00000000 00:00 0                          [stack:23703]
7f2a8fdfe000-7f2a8fe01000 ---p 00000000 00:00 0 
7f2a8fe01000-7f2a8feff000 rw-p 00000000 00:00 0                          [stack:23702]
7f2a8feff000-7f2a8ff00000 ---p 00000000 00:00 0 
7f2a8ff00000-7f2a90000000 rw-p 00000000 00:00 0                          [stack:23701]
7f2a90000000-7f2a90021000 rw-p 00000000 00:00 0 
7f2a90021000-7f2a94000000 ---p 00000000 00:00 0 
7f2a940f1000-7f2a95000000 rw-p 00000000 00:00 0 
7f2a95000000-7f2a95810000 rwxp 00000000 00:00 0 
7f2a95810000-7f2aa4000000 ---p 00000000 00:00 0 
7f2aa4000000-7f2aa437d000 rw-p 00000000 00:00 0 
7f2aa437d000-7f2aa8000000 ---p 00000000 00:00 0 
7f2aa803d000-7f2aa812f000 rw-p 00000000 00:00 0 
7f2aa812f000-7f2aa82fc000 r--s 03bec000 08:03 3967080                    /home/antonio/Projects/android-studio/jre/jre/lib/rt.jar
7f2aa82fc000-7f2aa8a32000 rw-p 00000000 00:00 0 
7f2aa8a32000-7f2aa8b72000 ---p 00000000 00:00 0 
7f2aa8b72000-7f2aa9372000 rw-p 00000000 00:00 0 
7f2aa9372000-7f2aa9373000 ---p 00000000 00:00 0 
7f2aa9373000-7f2aa9473000 rw-p 00000000 00:00 0                          [stack:23700]
7f2aa9473000-7f2aa9474000 ---p 00000000 00:00 0 
7f2aa9474000-7f2aa9574000 rw-p 00000000 00:00 0                          [stack:23699]
7f2aa9574000-7f2aa9575000 ---p 00000000 00:00 0 
7f2aa9575000-7f2aa9675000 rw-p 00000000 00:00 0                          [stack:23698]
7f2aa9675000-7f2aa9676000 ---p 00000000 00:00 0 
7f2aa9676000-7f2aa97a0000 rw-p 00000000 00:00 0                          [stack:23697]
7f2aa97a0000-7f2aa9ccc000 ---p 00000000 00:00 0 
7f2aa9ccc000-7f2aa9cf6000 rw-p 00000000 00:00 0 
7f2aa9cf6000-7f2aaa221000 ---p 00000000 00:00 0 
7f2aaa221000-7f2aaa267000 rw-p 00000000 00:00 0 
7f2aaa267000-7f2aaa4cc000 ---p 00000000 00:00 0 
7f2aaa4cc000-7f2aaa4ee000 rw-p 00000000 00:00 0 
7f2aaa4ee000-7f2aaa88d000 ---p 00000000 00:00 0 
7f2aaa88d000-7f2aaa8a7000 r-xp 00000000 08:03 3967107                    /home/antonio/Projects/android-studio/jre/jre/lib/amd64/libzip.so
7f2aaa8a7000-7f2aaaaa7000 ---p 0001a000 08:03 3967107                    /home/antonio/Projects/android-studio/jre/jre/lib/amd64/libzip.so
7f2aaaaa7000-7f2aaaaa8000 r--p 0001a000 08:03 3967107                    /home/antonio/Projects/android-studio/jre/jre/lib/amd64/libzip.so
7f2aaaaa8000-7f2aaaaa9000 rw-p 0001b000 08:03 3967107                    /home/antonio/Projects/android-studio/jre/jre/lib/amd64/libzip.so
7f2aaaaa9000-7f2aaaab4000 r-xp 00000000 08:03 140487                     /lib/x86_64-linux-gnu/libnss_files-2.19.so
7f2aaaab4000-7f2aaacb3000 ---p 0000b000 08:03 140487                     /lib/x86_64-linux-gnu/libnss_files-2.19.so
7f2aaacb3000-7f2aaacb4000 r--p 0000a000 08:03 140487                     /lib/x86_64-linux-gnu/libnss_files-2.19.so
7f2aaacb4000-7f2aaacb5000 rw-p 0000b000 08:03 140487                     /lib/x86_64-linux-gnu/libnss_files-2.19.so
7f2aaacb5000-7f2aaacbf000 r-xp 00000000 08:03 140489                     /lib/x86_64-linux-gnu/libnss_nis-2.19.so
7f2aaacbf000-7f2aaaebe000 ---p 0000a000 08:03 140489                     /lib/x86_64-linux-gnu/libnss_nis-2.19.so
7f2aaaebe000-7f2aaaebf000 r--p 00009000 08:03 140489                     /lib/x86_64-linux-gnu/libnss_nis-2.19.so
7f2aaaebf000-7f2aaaec0000 rw-p 0000a000 08:03 140489                     /lib/x86_64-linux-gnu/libnss_nis-2.19.so
7f2aaaec0000-7f2aaaed5000 r-xp 00000000 08:03 140484                     /lib/x86_64-linux-gnu/libnsl-2.19.so
7f2aaaed5000-7f2aab0d4000 ---p 00015000 08:03 140484                     /lib/x86_64-linux-gnu/libnsl-2.19.so
7f2aab0d4000-7f2aab0d5000 r--p 00014000 08:03 140484                     /lib/x86_64-linux-gnu/libnsl-2.19.so
7f2aab0d5000-7f2aab0d6000 rw-p 00015000 08:03 140484                     /lib/x86_64-linux-gnu/libnsl-2.19.so
7f2aab0d6000-7f2aab0d8000 rw-p 00000000 00:00 0 
7f2aab0d8000-7f2aab0df000 r-xp 00000000 08:03 140485                     /lib/x86_64-linux-gnu/libnss_compat-2.19.so
7f2aab0df000-7f2aab2de000 ---p 00007000 08:03 140485                     /lib/x86_64-linux-gnu/libnss_compat-2.19.so
7f2aab2de000-7f2aab2df000 r--p 00006000 08:03 140485                     /lib/x86_64-linux-gnu/libnss_compat-2.19.so
7f2aab2df000-7f2aab2e0000 rw-p 00007000 08:03 140485                     /lib/x86_64-linux-gnu/libnss_compat-2.19.so
7f2aab2e0000-7f2aab30d000 r-xp 00000000 08:03 3967117                    /home/antonio/Projects/android-studio/jre/jre/lib/amd64/libjava.so
7f2aab30d000-7f2aab50c000 ---p 0002d000 08:03 3967117                    /home/antonio/Projects/android-studio/jre/jre/lib/amd64/libjava.so
7f2aab50c000-7f2aab50d000 r--p 0002c000 08:03 3967117                    /home/antonio/Projects/android-studio/jre/jre/lib/amd64/libjava.so
7f2aab50d000-7f2aab50f000 rw-p 0002d000 08:03 3967117                    /home/antonio/Projects/android-studio/jre/jre/lib/amd64/libjava.so
7f2aab50f000-7f2aab51f000 r-xp 00000000 08:03 3967133                    /home/antonio/Projects/android-studio/jre/jre/lib/amd64/libverify.so
7f2aab51f000-7f2aab71e000 ---p 00010000 08:03 3967133                    /home/antonio/Projects/android-studio/jre/jre/lib/amd64/libverify.so
7f2aab71e000-7f2aab720000 r--p 0000f000 08:03 3967133                    /home/antonio/Projects/android-studio/jre/jre/lib/amd64/libverify.so
7f2aab720000-7f2aab721000 rw-p 00011000 08:03 3967133                    /home/antonio/Projects/android-studio/jre/jre/lib/amd64/libverify.so
7f2aab721000-7f2aab728000 r-xp 00000000 08:03 140493                     /lib/x86_64-linux-gnu/librt-2.19.so
7f2aab728000-7f2aab927000 ---p 00007000 08:03 140493                     /lib/x86_64-linux-gnu/librt-2.19.so
7f2aab927000-7f2aab928000 r--p 00006000 08:03 140493                     /lib/x86_64-linux-gnu/librt-2.19.so
7f2aab928000-7f2aab929000 rw-p 00007000 08:03 140493                     /lib/x86_64-linux-gnu/librt-2.19.so
7f2aab929000-7f2aaba29000 r-xp 00000000 08:03 140482                     /lib/x86_64-linux-gnu/libm-2.19.so
7f2aaba29000-7f2aabc28000 ---p 00100000 08:03 140482                     /lib/x86_64-linux-gnu/libm-2.19.so
7f2aabc28000-7f2aabc29000 r--p 000ff000 08:03 140482                     /lib/x86_64-linux-gnu/libm-2.19.so
7f2aabc29000-7f2aabc2a000 rw-p 00100000 08:03 140482                     /lib/x86_64-linux-gnu/libm-2.19.so
7f2aabc2a000-7f2aac810000 r-xp 00000000 08:03 3967137                    /home/antonio/Projects/android-studio/jre/jre/lib/amd64/server/libjvm.so
7f2aac810000-7f2aaca10000 ---p 00be6000 08:03 3967137                    /home/antonio/Projects/android-studio/jre/jre/lib/amd64/server/libjvm.so
7f2aaca10000-7f2aacaaf000 r--p 00be6000 08:03 3967137                    /home/antonio/Projects/android-studio/jre/jre/lib/amd64/server/libjvm.so
7f2aacaaf000-7f2aacad8000 rw-p 00c85000 08:03 3967137                    /home/antonio/Projects/android-studio/jre/jre/lib/amd64/server/libjvm.so
7f2aacad8000-7f2aacb1a000 rw-p 00000000 00:00 0 
7f2aacb1a000-7f2aacb32000 r-xp 00000000 08:03 132073                     /lib/x86_64-linux-gnu/libpthread-2.19.so
7f2aacb32000-7f2aacd31000 ---p 00018000 08:03 132073                     /lib/x86_64-linux-gnu/libpthread-2.19.so
7f2aacd31000-7f2aacd32000 r--p 00017000 08:03 132073                     /lib/x86_64-linux-gnu/libpthread-2.19.so
7f2aacd32000-7f2aacd33000 rw-p 00018000 08:03 132073                     /lib/x86_64-linux-gnu/libpthread-2.19.so
7f2aacd33000-7f2aacd37000 rw-p 00000000 00:00 0 
7f2aacd37000-7f2aacd3a000 r-xp 00000000 08:03 140481                     /lib/x86_64-linux-gnu/libdl-2.19.so
7f2aacd3a000-7f2aacf39000 ---p 00003000 08:03 140481                     /lib/x86_64-linux-gnu/libdl-2.19.so
7f2aacf39000-7f2aacf3a000 r--p 00002000 08:03 140481                     /lib/x86_64-linux-gnu/libdl-2.19.so
7f2aacf3a000-7f2aacf3b000 rw-p 00003000 08:03 140481                     /lib/x86_64-linux-gnu/libdl-2.19.so
7f2aacf3b000-7f2aad0dc000 r-xp 00000000 08:03 140478                     /lib/x86_64-linux-gnu/libc-2.19.so
7f2aad0dc000-7f2aad2dc000 ---p 001a1000 08:03 140478                     /lib/x86_64-linux-gnu/libc-2.19.so
7f2aad2dc000-7f2aad2e0000 r--p 001a1000 08:03 140478                     /lib/x86_64-linux-gnu/libc-2.19.so
7f2aad2e0000-7f2aad2e2000 rw-p 001a5000 08:03 140478                     /lib/x86_64-linux-gnu/libc-2.19.so
7f2aad2e2000-7f2aad2e6000 rw-p 00000000 00:00 0 
7f2aad2e6000-7f2aad2fc000 r-xp 00000000 08:03 3966997                    /home/antonio/Projects/android-studio/jre/lib/amd64/jli/libjli.so
7f2aad2fc000-7f2aad4fb000 ---p 00016000 08:03 3966997                    /home/antonio/Projects/android-studio/jre/lib/amd64/jli/libjli.so
7f2aad4fb000-7f2aad4fc000 r--p 00015000 08:03 3966997                    /home/antonio/Projects/android-studio/jre/lib/amd64/jli/libjli.so
7f2aad4fc000-7f2aad4fd000 rw-p 00016000 08:03 3966997                    /home/antonio/Projects/android-studio/jre/lib/amd64/jli/libjli.so
7f2aad4fd000-7f2aad51d000 r-xp 00000000 08:03 140475                     /lib/x86_64-linux-gnu/ld-2.19.so
7f2aad523000-7f2aad5f6000 rw-p 00000000 00:00 0 
7f2aad5f6000-7f2aad5f9000 ---p 00000000 00:00 0 
7f2aad5f9000-7f2aad6fb000 rw-p 00000000 00:00 0                          [stack:23694]
7f2aad701000-7f2aad702000 rw-p 00000000 00:00 0 
7f2aad702000-7f2aad711000 r--s 000df000 08:03 801078                     /home/antonio/Android/Sdk/build-tools/23.0.0/lib/dx.jar
7f2aad711000-7f2aad719000 rw-s 00000000 08:03 1079212                    /tmp/hsperfdata_antonio/23692
7f2aad719000-7f2aad71a000 rw-p 00000000 00:00 0 
7f2aad71a000-7f2aad71b000 ---p 00000000 00:00 0 
7f2aad71b000-7f2aad71d000 rw-p 00000000 00:00 0 
7f2aad71d000-7f2aad71e000 r--p 00020000 08:03 140475                     /lib/x86_64-linux-gnu/ld-2.19.so
7f2aad71e000-7f2aad71f000 rw-p 00021000 08:03 140475                     /lib/x86_64-linux-gnu/ld-2.19.so
7f2aad71f000-7f2aad720000 rw-p 00000000 00:00 0 
7ffed794d000-7ffed796e000 rw-p 00000000 00:00 0                          [stack]
7ffed7983000-7ffed7985000 r-xp 00000000 00:00 0                          [vdso]
7ffed7985000-7ffed7987000 r--p 00000000 00:00 0                          [vvar]
ffffffffff600000-ffffffffff601000 r-xp 00000000 00:00 0                  [vsyscall]

VM Arguments:
jvm_args: -Djava.awt.headless=true -Xmx4g -Dfile.encoding=UTF-8 -Duser.country=US -Duser.language=en -Duser.variant 
java_command: com.android.dx.command.Main --dex --force-jumbo --num-threads=4 --multi-dex --output /home/antonio/Projects/zup-cascavel/zup-android-cidadao/app/build/intermediates/transforms/dex/debug/folders/1000/10/com.google.android.gms-play-services-games-7.8.0_911854de2e3b87bb4c385c1b5094df903c8c7045 /home/antonio/Projects/zup-cascavel/zup-android-cidadao/app/build/intermediates/exploded-aar/com.google.android.gms/play-services-games/7.8.0/jars/classes.jar
java_class_path (initial): /home/antonio/Android/Sdk/build-tools/23.0.0/lib/dx.jar
Launcher Type: SUN_STANDARD

Environment Variables:
PATH=/home/antonio/.nvm/versions/node/v6.6.0/bin:/home/antonio/.rbenv/plugins/ruby-build/bin:/home/antonio/.rbenv/bin:/usr/local/bin:/usr/bin:/bin:/usr/games
USERNAME=antonio
LD_LIBRARY_PATH=./bin:
SHELL=/bin/bash
DISPLAY=:0

Signal Handlers:
SIGSEGV: [libjvm.so+0x9daac0], sa_mask[0]=11111111011111111101111111111110, sa_flags=SA_RESTART|SA_SIGINFO
SIGBUS: [libjvm.so+0x9daac0], sa_mask[0]=11111111011111111101111111111110, sa_flags=SA_RESTART|SA_SIGINFO
SIGFPE: [libjvm.so+0x840d90], sa_mask[0]=11111111011111111101111111111110, sa_flags=SA_RESTART|SA_SIGINFO
SIGPIPE: [libjvm.so+0x840d90], sa_mask[0]=11111111011111111101111111111110, sa_flags=SA_RESTART|SA_SIGINFO
SIGXFSZ: [libjvm.so+0x840d90], sa_mask[0]=11111111011111111101111111111110, sa_flags=SA_RESTART|SA_SIGINFO
SIGILL: [libjvm.so+0x840d90], sa_mask[0]=11111111011111111101111111111110, sa_flags=SA_RESTART|SA_SIGINFO
SIGUSR1: SIG_DFL, sa_mask[0]=00000000000000000000000000000000, sa_flags=none
SIGUSR2: [libjvm.so+0x840c60], sa_mask[0]=00100000000000000000000000000000, sa_flags=SA_RESTART|SA_SIGINFO
SIGHUP: [libjvm.so+0x840e50], sa_mask[0]=11111111011111111101111111111110, sa_flags=SA_RESTART|SA_SIGINFO
SIGINT: [libjvm.so+0x840e50], sa_mask[0]=11111111011111111101111111111110, sa_flags=SA_RESTART|SA_SIGINFO
SIGTERM: [libjvm.so+0x840e50], sa_mask[0]=11111111011111111101111111111110, sa_flags=SA_RESTART|SA_SIGINFO
SIGQUIT: [libjvm.so+0x840e50], sa_mask[0]=11111111011111111101111111111110, sa_flags=SA_RESTART|SA_SIGINFO


---------------  S Y S T E M  ---------------

OS:PRETTY_NAME="Debian GNU/Linux 8 (jessie)"
NAME="Debian GNU/Linux"
VERSION_ID="8"
VERSION="8 (jessie)"
ID=debian
HOME_URL="http://www.debian.org/"
SUPPORT_URL="http://www.debian.org/support"
BUG_REPORT_URL="https://bugs.debian.org/"

uname:Linux 3.16.0-4-amd64 #1 SMP Debian 3.16.7-ckt25-2 (2016-04-08) x86_64
libc:glibc 2.19 NPTL 2.19 
rlimit: STACK 8192k, CORE 0k, NPROC 31523, NOFILE 65536, AS infinity
load average:15.66 4.20 2.22

/proc/meminfo:
MemTotal:        8147524 kB
MemFree:          415384 kB
MemAvailable:     416664 kB
Buffers:             556 kB
Cached:           372276 kB
SwapCached:        15536 kB
Active:          5974400 kB
Inactive:        1154280 kB
Active(anon):    5968376 kB
Inactive(anon):  1090360 kB
Active(file):       6024 kB
Inactive(file):    63920 kB
Unevictable:        1248 kB
Mlocked:            1248 kB
SwapTotal:       3905532 kB
SwapFree:            108 kB
Dirty:               108 kB
Writeback:           176 kB
AnonPages:       6744044 kB
Mapped:           521464 kB
Shmem:            301748 kB
Slab:             176732 kB
SReclaimable:     101544 kB
SUnreclaim:        75188 kB
KernelStack:       17328 kB
PageTables:        76772 kB
NFS_Unstable:          0 kB
Bounce:                0 kB
WritebackTmp:          0 kB
CommitLimit:     7979292 kB
Committed_AS:   17563000 kB
VmallocTotal:   34359738367 kB
VmallocUsed:      324888 kB
VmallocChunk:   34359389660 kB
HardwareCorrupted:     0 kB
AnonHugePages:         0 kB
HugePages_Total:       0
HugePages_Free:        0
HugePages_Rsvd:        0
HugePages_Surp:        0
Hugepagesize:       2048 kB
DirectMap4k:     8096708 kB
DirectMap2M:    18446744073708746752 kB
DirectMap1G:     1048576 kB


CPU:total 4 (4 cores per cpu, 1 threads per core) family 6 model 94 stepping 3, cmov, cx8, fxsr, mmx, sse, sse2, sse3, ssse3, sse4.1, sse4.2, popcnt, avx, avx2, aes, clmul, erms, rtm, 3dnowpref, lzcnt, tsc, tscinvbit, bmi1, bmi2, adx

/proc/cpuinfo:
processor	: 0
vendor_id	: GenuineIntel
cpu family	: 6
model		: 94
model name	: Intel(R) Core(TM) i5-6500T CPU @ 2.50GHz
stepping	: 3
microcode	: 0x39
cpu MHz		: 2500.000
cache size	: 6144 KB
physical id	: 0
siblings	: 4
core id		: 0
cpu cores	: 4
apicid		: 0
initial apicid	: 0
fpu		: yes
fpu_exception	: yes
cpuid level	: 22
wp		: yes
flags		: fpu vme de pse tsc msr pae mce cx8 apic sep mtrr pge mca cmov pat pse36 clflush dts acpi mmx fxsr sse sse2 ss ht tm pbe syscall nx pdpe1gb rdtscp lm constant_tsc arch_perfmon pebs bts rep_good nopl xtopology nonstop_tsc aperfmperf eagerfpu pni pclmulqdq dtes64 monitor ds_cpl vmx smx est tm2 ssse3 fma cx16 xtpr pdcm pcid sse4_1 sse4_2 x2apic movbe popcnt tsc_deadline_timer aes xsave avx f16c rdrand lahf_lm abm 3dnowprefetch ida arat xsaveopt pln pts dtherm tpr_shadow vnmi flexpriority ept vpid fsgsbase tsc_adjust bmi1 hle avx2 smep bmi2 erms invpcid rtm mpx rdseed adx smap clflushopt
bogomips	: 4989.79
clflush size	: 64
cache_alignment	: 64
address sizes	: 39 bits physical, 48 bits virtual
power management:

processor	: 1
vendor_id	: GenuineIntel
cpu family	: 6
model		: 94
model name	: Intel(R) Core(TM) i5-6500T CPU @ 2.50GHz
stepping	: 3
microcode	: 0x39
cpu MHz		: 2500.000
cache size	: 6144 KB
physical id	: 0
siblings	: 4
core id		: 1
cpu cores	: 4
apicid		: 2
initial apicid	: 2
fpu		: yes
fpu_exception	: yes
cpuid level	: 22
wp		: yes
flags		: fpu vme de pse tsc msr pae mce cx8 apic sep mtrr pge mca cmov pat pse36 clflush dts acpi mmx fxsr sse sse2 ss ht tm pbe syscall nx pdpe1gb rdtscp lm constant_tsc arch_perfmon pebs bts rep_good nopl xtopology nonstop_tsc aperfmperf eagerfpu pni pclmulqdq dtes64 monitor ds_cpl vmx smx est tm2 ssse3 fma cx16 xtpr pdcm pcid sse4_1 sse4_2 x2apic movbe popcnt tsc_deadline_timer aes xsave avx f16c rdrand lahf_lm abm 3dnowprefetch ida arat xsaveopt pln pts dtherm tpr_shadow vnmi flexpriority ept vpid fsgsbase tsc_adjust bmi1 hle avx2 smep bmi2 erms invpcid rtm mpx rdseed adx smap clflushopt
bogomips	: 4989.79
clflush size	: 64
cache_alignment	: 64
address sizes	: 39 bits physical, 48 bits virtual
power management:

processor	: 2
vendor_id	: GenuineIntel
cpu family	: 6
model		: 94
model name	: Intel(R) Core(TM) i5-6500T CPU @ 2.50GHz
stepping	: 3
microcode	: 0x39
cpu MHz		: 2500.000
cache size	: 6144 KB
physical id	: 0
siblings	: 4
core id		: 2
cpu cores	: 4
apicid		: 4
initial apicid	: 4
fpu		: yes
fpu_exception	: yes
cpuid level	: 22
wp		: yes
flags		: fpu vme de pse tsc msr pae mce cx8 apic sep mtrr pge mca cmov pat pse36 clflush dts acpi mmx fxsr sse sse2 ss ht tm pbe syscall nx pdpe1gb rdtscp lm constant_tsc arch_perfmon pebs bts rep_good nopl xtopology nonstop_tsc aperfmperf eagerfpu pni pclmulqdq dtes64 monitor ds_cpl vmx smx est tm2 ssse3 fma cx16 xtpr pdcm pcid sse4_1 sse4_2 x2apic movbe popcnt tsc_deadline_timer aes xsave avx f16c rdrand lahf_lm abm 3dnowprefetch ida arat xsaveopt pln pts dtherm tpr_shadow vnmi flexpriority ept vpid fsgsbase tsc_adjust bmi1 hle avx2 smep bmi2 erms invpcid rtm mpx rdseed adx smap clflushopt
bogomips	: 4989.79
clflush size	: 64
cache_alignment	: 64
address sizes	: 39 bits physical, 48 bits virtual
power management:

processor	: 3
vendor_id	: GenuineIntel
cpu family	: 6
model		: 94
model name	: Intel(R) Core(TM) i5-6500T CPU @ 2.50GHz
stepping	: 3
microcode	: 0x39
cpu MHz		: 2500.000
cache size	: 6144 KB
physical id	: 0
siblings	: 4
core id		: 3
cpu cores	: 4
apicid		: 6
initial apicid	: 6
fpu		: yes
fpu_exception	: yes
cpuid level	: 22
wp		: yes
flags		: fpu vme de pse tsc msr pae mce cx8 apic sep mtrr pge mca cmov pat pse36 clflush dts acpi mmx fxsr sse sse2 ss ht tm pbe syscall nx pdpe1gb rdtscp lm constant_tsc arch_perfmon pebs bts rep_good nopl xtopology nonstop_tsc aperfmperf eagerfpu pni pclmulqdq dtes64 monitor ds_cpl vmx smx est tm2 ssse3 fma cx16 xtpr pdcm pcid sse4_1 sse4_2 x2apic movbe popcnt tsc_deadline_timer aes xsave avx f16c rdrand lahf_lm abm 3dnowprefetch ida arat xsaveopt pln pts dtherm tpr_shadow vnmi flexpriority ept vpid fsgsbase tsc_adjust bmi1 hle avx2 smep bmi2 erms invpcid rtm mpx rdseed adx smap clflushopt
bogomips	: 4989.79
clflush size	: 64
cache_alignment	: 64
address sizes	: 39 bits physical, 48 bits virtual
power management:



Memory: 4k page, physical 8147524k(415384k free), swap 3905532k(108k free)

vm_info: OpenJDK 64-Bit Server VM (25.76-b03) for linux-amd64 JRE (1.8.0_76-release-b03), built on Jun 29 2016 09:39:19 by "builder" with gcc 4.8.4

time: Thu Feb 23 12:08:50 2017
elapsed time: 19 seconds (0d 0h 0m 19s)

